CRITICAL - 2022-11-10 05:02:01 --> CodeIgniter\Router\RouteCollection::get(): Argument #3 ($options) must be of type ?array, string given, called in C:\xampp\htdocs\ci-lat\app\Config\Routes.php on line 38
in SYSTEMPATH\Router\RouteCollection.php on line 884.
 1 APPPATH\Config\Routes.php(38): CodeIgniter\Router\RouteCollection->get('C:\\', 'Home::index', 'mahasiswa')
 2 SYSTEMPATH\CodeIgniter.php(789): require('APPPATH\\Config\\Routes.php')
 3 SYSTEMPATH\CodeIgniter.php(430): CodeIgniter\CodeIgniter->tryToRouteIt(Object(CodeIgniter\Router\RouteCollection))
 4 SYSTEMPATH\CodeIgniter.php(351): CodeIgniter\CodeIgniter->handleRequest(null, Object(Config\Cache), false)
 5 FCPATH\index.php(67): CodeIgniter\CodeIgniter->run()
 6 SYSTEMPATH\Commands\Server\rewrite.php(46): require_once('FCPATH\\index.php')
CRITICAL - 2022-11-10 05:02:09 --> CodeIgniter\Router\RouteCollection::get(): Argument #3 ($options) must be of type ?array, string given, called in C:\xampp\htdocs\ci-lat\app\Config\Routes.php on line 38
in SYSTEMPATH\Router\RouteCollection.php on line 884.
 1 APPPATH\Config\Routes.php(38): CodeIgniter\Router\RouteCollection->get('C:\\', 'Home::index', 'mahasiswa')
 2 SYSTEMPATH\CodeIgniter.php(789): require('APPPATH\\Config\\Routes.php')
 3 SYSTEMPATH\CodeIgniter.php(430): CodeIgniter\CodeIgniter->tryToRouteIt(Object(CodeIgniter\Router\RouteCollection))
 4 SYSTEMPATH\CodeIgniter.php(351): CodeIgniter\CodeIgniter->handleRequest(null, Object(Config\Cache), false)
 5 FCPATH\index.php(67): CodeIgniter\CodeIgniter->run()
 6 SYSTEMPATH\Commands\Server\rewrite.php(46): require_once('FCPATH\\index.php')
CRITICAL - 2022-11-10 05:04:01 --> Undefined property: mysqli::$mhsnim
in APPPATH\Views\viewtampilmahasiswa.php on line 39.
 1 APPPATH\Views\viewtampilmahasiswa.php(39): CodeIgniter\Debug\Exceptions->errorHandler(2, 'Undefined property: mysqli::$mhsnim', 'APPPATH\\Views\\viewtampilmahasiswa.php', 39)
 2 SYSTEMPATH\View\View.php(213): include('APPPATH\\Views\\viewtampilmahasiswa.php')
 3 SYSTEMPATH\View\View.php(216): CodeIgniter\View\View->CodeIgniter\View\{closure}()
 4 SYSTEMPATH\Common.php(1134): CodeIgniter\View\View->render('viewtampilmahasiswa', [], true)
 5 APPPATH\Controllers\Mahasiswa.php(17): view('viewtampilmahasiswa', [...])
 6 SYSTEMPATH\CodeIgniter.php(927): App\Controllers\Mahasiswa->index()
 7 SYSTEMPATH\CodeIgniter.php(482): CodeIgniter\CodeIgniter->runController(Object(App\Controllers\Mahasiswa))
 8 SYSTEMPATH\CodeIgniter.php(351): CodeIgniter\CodeIgniter->handleRequest(null, Object(Config\Cache), false)
 9 FCPATH\index.php(67): CodeIgniter\CodeIgniter->run()
10 SYSTEMPATH\Commands\Server\rewrite.php(46): require_once('FCPATH\\index.php')
CRITICAL - 2022-11-10 05:11:51 --> Undefined property: mysqli::$NIM
in APPPATH\Views\viewtampilmahasiswa.php on line 39.
 1 APPPATH\Views\viewtampilmahasiswa.php(39): CodeIgniter\Debug\Exceptions->errorHandler(2, 'Undefined property: mysqli::$NIM', 'APPPATH\\Views\\viewtampilmahasiswa.php', 39)
 2 SYSTEMPATH\View\View.php(213): include('APPPATH\\Views\\viewtampilmahasiswa.php')
 3 SYSTEMPATH\View\View.php(216): CodeIgniter\View\View->CodeIgniter\View\{closure}()
 4 SYSTEMPATH\Common.php(1134): CodeIgniter\View\View->render('viewtampilmahasiswa', [], true)
 5 APPPATH\Controllers\Mahasiswa.php(17): view('viewtampilmahasiswa', [...])
 6 SYSTEMPATH\CodeIgniter.php(927): App\Controllers\Mahasiswa->index()
 7 SYSTEMPATH\CodeIgniter.php(482): CodeIgniter\CodeIgniter->runController(Object(App\Controllers\Mahasiswa))
 8 SYSTEMPATH\CodeIgniter.php(351): CodeIgniter\CodeIgniter->handleRequest(null, Object(Config\Cache), false)
 9 FCPATH\index.php(67): CodeIgniter\CodeIgniter->run()
10 SYSTEMPATH\Commands\Server\rewrite.php(46): require_once('FCPATH\\index.php')
CRITICAL - 2022-11-10 05:12:03 --> Undefined property: mysqli::$nim
in APPPATH\Views\viewtampilmahasiswa.php on line 39.
 1 APPPATH\Views\viewtampilmahasiswa.php(39): CodeIgniter\Debug\Exceptions->errorHandler(2, 'Undefined property: mysqli::$nim', 'APPPATH\\Views\\viewtampilmahasiswa.php', 39)
 2 SYSTEMPATH\View\View.php(213): include('APPPATH\\Views\\viewtampilmahasiswa.php')
 3 SYSTEMPATH\View\View.php(216): CodeIgniter\View\View->CodeIgniter\View\{closure}()
 4 SYSTEMPATH\Common.php(1134): CodeIgniter\View\View->render('viewtampilmahasiswa', [], true)
 5 APPPATH\Controllers\Mahasiswa.php(17): view('viewtampilmahasiswa', [...])
 6 SYSTEMPATH\CodeIgniter.php(927): App\Controllers\Mahasiswa->index()
 7 SYSTEMPATH\CodeIgniter.php(482): CodeIgniter\CodeIgniter->runController(Object(App\Controllers\Mahasiswa))
 8 SYSTEMPATH\CodeIgniter.php(351): CodeIgniter\CodeIgniter->handleRequest(null, Object(Config\Cache), false)
 9 FCPATH\index.php(67): CodeIgniter\CodeIgniter->run()
10 SYSTEMPATH\Commands\Server\rewrite.php(46): require_once('FCPATH\\index.php')
CRITICAL - 2022-11-10 05:14:02 --> Cannot use object of type mysqli as array
in APPPATH\Views\viewtampilmahasiswa.php on line 39.
 1 SYSTEMPATH\View\View.php(213): include()
 2 SYSTEMPATH\View\View.php(216): CodeIgniter\View\View->CodeIgniter\View\{closure}()
 3 SYSTEMPATH\Common.php(1134): CodeIgniter\View\View->render('viewtampilmahasiswa', [], true)
 4 APPPATH\Controllers\Mahasiswa.php(17): view('viewtampilmahasiswa', [...])
 5 SYSTEMPATH\CodeIgniter.php(927): App\Controllers\Mahasiswa->index()
 6 SYSTEMPATH\CodeIgniter.php(482): CodeIgniter\CodeIgniter->runController(Object(App\Controllers\Mahasiswa))
 7 SYSTEMPATH\CodeIgniter.php(351): CodeIgniter\CodeIgniter->handleRequest(null, Object(Config\Cache), false)
 8 FCPATH\index.php(67): CodeIgniter\CodeIgniter->run()
 9 SYSTEMPATH\Commands\Server\rewrite.php(46): require_once('FCPATH\\index.php')
CRITICAL - 2022-11-10 05:15:49 --> Undefined property: mysqli::$NIM
in APPPATH\Views\viewtampilmahasiswa.php on line 39.
 1 APPPATH\Views\viewtampilmahasiswa.php(39): CodeIgniter\Debug\Exceptions->errorHandler(2, 'Undefined property: mysqli::$NIM', 'APPPATH\\Views\\viewtampilmahasiswa.php', 39)
 2 SYSTEMPATH\View\View.php(213): include('APPPATH\\Views\\viewtampilmahasiswa.php')
 3 SYSTEMPATH\View\View.php(216): CodeIgniter\View\View->CodeIgniter\View\{closure}()
 4 SYSTEMPATH\Common.php(1134): CodeIgniter\View\View->render('viewtampilmahasiswa', [], true)
 5 APPPATH\Controllers\Mahasiswa.php(17): view('viewtampilmahasiswa', [...])
 6 SYSTEMPATH\CodeIgniter.php(927): App\Controllers\Mahasiswa->index()
 7 SYSTEMPATH\CodeIgniter.php(482): CodeIgniter\CodeIgniter->runController(Object(App\Controllers\Mahasiswa))
 8 SYSTEMPATH\CodeIgniter.php(351): CodeIgniter\CodeIgniter->handleRequest(null, Object(Config\Cache), false)
 9 FCPATH\index.php(67): CodeIgniter\CodeIgniter->run()
10 SYSTEMPATH\Commands\Server\rewrite.php(46): require_once('FCPATH\\index.php')
CRITICAL - 2022-11-10 05:18:12 --> Undefined property: mysqli::$NIM
in APPPATH\Views\viewtampilmahasiswa.php on line 37.
 1 APPPATH\Views\viewtampilmahasiswa.php(37): CodeIgniter\Debug\Exceptions->errorHandler(2, 'Undefined property: mysqli::$NIM', 'APPPATH\\Views\\viewtampilmahasiswa.php', 37)
 2 SYSTEMPATH\View\View.php(213): include('APPPATH\\Views\\viewtampilmahasiswa.php')
 3 SYSTEMPATH\View\View.php(216): CodeIgniter\View\View->CodeIgniter\View\{closure}()
 4 SYSTEMPATH\Common.php(1134): CodeIgniter\View\View->render('viewtampilmahasiswa', [], true)
 5 APPPATH\Controllers\Mahasiswa.php(17): view('viewtampilmahasiswa', [...])
 6 SYSTEMPATH\CodeIgniter.php(927): App\Controllers\Mahasiswa->index()
 7 SYSTEMPATH\CodeIgniter.php(482): CodeIgniter\CodeIgniter->runController(Object(App\Controllers\Mahasiswa))
 8 SYSTEMPATH\CodeIgniter.php(351): CodeIgniter\CodeIgniter->handleRequest(null, Object(Config\Cache), false)
 9 FCPATH\index.php(67): CodeIgniter\CodeIgniter->run()
10 SYSTEMPATH\Commands\Server\rewrite.php(46): require_once('FCPATH\\index.php')
CRITICAL - 2022-11-10 05:19:05 --> Undefined property: mysqli::$nama
in APPPATH\Views\viewtampilmahasiswa.php on line 38.
 1 APPPATH\Views\viewtampilmahasiswa.php(38): CodeIgniter\Debug\Exceptions->errorHandler(2, 'Undefined property: mysqli::$nama', 'APPPATH\\Views\\viewtampilmahasiswa.php', 38)
 2 SYSTEMPATH\View\View.php(213): include('APPPATH\\Views\\viewtampilmahasiswa.php')
 3 SYSTEMPATH\View\View.php(216): CodeIgniter\View\View->CodeIgniter\View\{closure}()
 4 SYSTEMPATH\Common.php(1134): CodeIgniter\View\View->render('viewtampilmahasiswa', [], true)
 5 APPPATH\Controllers\Mahasiswa.php(17): view('viewtampilmahasiswa', [...])
 6 SYSTEMPATH\CodeIgniter.php(927): App\Controllers\Mahasiswa->index()
 7 SYSTEMPATH\CodeIgniter.php(482): CodeIgniter\CodeIgniter->runController(Object(App\Controllers\Mahasiswa))
 8 SYSTEMPATH\CodeIgniter.php(351): CodeIgniter\CodeIgniter->handleRequest(null, Object(Config\Cache), false)
 9 FCPATH\index.php(67): CodeIgniter\CodeIgniter->run()
10 SYSTEMPATH\Commands\Server\rewrite.php(46): require_once('FCPATH\\index.php')
CRITICAL - 2022-11-10 05:19:34 --> Undefined property: mysqli::$NIM
in APPPATH\Views\viewtampilmahasiswa.php on line 37.
 1 APPPATH\Views\viewtampilmahasiswa.php(37): CodeIgniter\Debug\Exceptions->errorHandler(2, 'Undefined property: mysqli::$NIM', 'APPPATH\\Views\\viewtampilmahasiswa.php', 37)
 2 SYSTEMPATH\View\View.php(213): include('APPPATH\\Views\\viewtampilmahasiswa.php')
 3 SYSTEMPATH\View\View.php(216): CodeIgniter\View\View->CodeIgniter\View\{closure}()
 4 SYSTEMPATH\Common.php(1134): CodeIgniter\View\View->render('viewtampilmahasiswa', [], true)
 5 APPPATH\Controllers\Mahasiswa.php(17): view('viewtampilmahasiswa', [...])
 6 SYSTEMPATH\CodeIgniter.php(927): App\Controllers\Mahasiswa->index()
 7 SYSTEMPATH\CodeIgniter.php(482): CodeIgniter\CodeIgniter->runController(Object(App\Controllers\Mahasiswa))
 8 SYSTEMPATH\CodeIgniter.php(351): CodeIgniter\CodeIgniter->handleRequest(null, Object(Config\Cache), false)
 9 FCPATH\index.php(67): CodeIgniter\CodeIgniter->run()
10 SYSTEMPATH\Commands\Server\rewrite.php(46): require_once('FCPATH\\index.php')
CRITICAL - 2022-11-10 05:27:50 --> Undefined property: mysqli::$NIM
in APPPATH\Views\viewtampilmahasiswa.php on line 37.
 1 APPPATH\Views\viewtampilmahasiswa.php(37): CodeIgniter\Debug\Exceptions->errorHandler(2, 'Undefined property: mysqli::$NIM', 'APPPATH\\Views\\viewtampilmahasiswa.php', 37)
 2 SYSTEMPATH\View\View.php(213): include('APPPATH\\Views\\viewtampilmahasiswa.php')
 3 SYSTEMPATH\View\View.php(216): CodeIgniter\View\View->CodeIgniter\View\{closure}()
 4 SYSTEMPATH\Common.php(1134): CodeIgniter\View\View->render('viewtampilmahasiswa', [], true)
 5 APPPATH\Controllers\Mahasiswa.php(17): view('viewtampilmahasiswa', [...])
 6 SYSTEMPATH\CodeIgniter.php(927): App\Controllers\Mahasiswa->index()
 7 SYSTEMPATH\CodeIgniter.php(482): CodeIgniter\CodeIgniter->runController(Object(App\Controllers\Mahasiswa))
 8 SYSTEMPATH\CodeIgniter.php(351): CodeIgniter\CodeIgniter->handleRequest(null, Object(Config\Cache), false)
 9 FCPATH\index.php(67): CodeIgniter\CodeIgniter->run()
10 SYSTEMPATH\Commands\Server\rewrite.php(46): require_once('FCPATH\\index.php')
CRITICAL - 2022-11-10 06:38:59 --> Undefined property: mysqli::$NIM
in APPPATH\Views\viewtampilmahasiswa.php on line 37.
 1 APPPATH\Views\viewtampilmahasiswa.php(37): CodeIgniter\Debug\Exceptions->errorHandler(2, 'Undefined property: mysqli::$NIM', 'APPPATH\\Views\\viewtampilmahasiswa.php', 37)
 2 SYSTEMPATH\View\View.php(213): include('APPPATH\\Views\\viewtampilmahasiswa.php')
 3 SYSTEMPATH\View\View.php(216): CodeIgniter\View\View->CodeIgniter\View\{closure}()
 4 SYSTEMPATH\Common.php(1134): CodeIgniter\View\View->render('viewtampilmahasiswa', [], true)
 5 APPPATH\Controllers\Mahasiswa.php(17): view('viewtampilmahasiswa', [...])
 6 SYSTEMPATH\CodeIgniter.php(927): App\Controllers\Mahasiswa->index()
 7 SYSTEMPATH\CodeIgniter.php(482): CodeIgniter\CodeIgniter->runController(Object(App\Controllers\Mahasiswa))
 8 SYSTEMPATH\CodeIgniter.php(351): CodeIgniter\CodeIgniter->handleRequest(null, Object(Config\Cache), false)
 9 FCPATH\index.php(67): CodeIgniter\CodeIgniter->run()
10 SYSTEMPATH\Commands\Server\rewrite.php(46): require_once('FCPATH\\index.php')
CRITICAL - 2022-11-10 06:39:16 --> Undefined property: mysqli::$nim
in APPPATH\Views\viewtampilmahasiswa.php on line 37.
 1 APPPATH\Views\viewtampilmahasiswa.php(37): CodeIgniter\Debug\Exceptions->errorHandler(2, 'Undefined property: mysqli::$nim', 'APPPATH\\Views\\viewtampilmahasiswa.php', 37)
 2 SYSTEMPATH\View\View.php(213): include('APPPATH\\Views\\viewtampilmahasiswa.php')
 3 SYSTEMPATH\View\View.php(216): CodeIgniter\View\View->CodeIgniter\View\{closure}()
 4 SYSTEMPATH\Common.php(1134): CodeIgniter\View\View->render('viewtampilmahasiswa', [], true)
 5 APPPATH\Controllers\Mahasiswa.php(17): view('viewtampilmahasiswa', [...])
 6 SYSTEMPATH\CodeIgniter.php(927): App\Controllers\Mahasiswa->index()
 7 SYSTEMPATH\CodeIgniter.php(482): CodeIgniter\CodeIgniter->runController(Object(App\Controllers\Mahasiswa))
 8 SYSTEMPATH\CodeIgniter.php(351): CodeIgniter\CodeIgniter->handleRequest(null, Object(Config\Cache), false)
 9 FCPATH\index.php(67): CodeIgniter\CodeIgniter->run()
10 SYSTEMPATH\Commands\Server\rewrite.php(46): require_once('FCPATH\\index.php')
CRITICAL - 2022-11-10 06:39:48 --> Undefined property: mysqli::$nim
in APPPATH\Views\viewtampilmahasiswa.php on line 37.
 1 APPPATH\Views\viewtampilmahasiswa.php(37): CodeIgniter\Debug\Exceptions->errorHandler(2, 'Undefined property: mysqli::$nim', 'APPPATH\\Views\\viewtampilmahasiswa.php', 37)
 2 SYSTEMPATH\View\View.php(213): include('APPPATH\\Views\\viewtampilmahasiswa.php')
 3 SYSTEMPATH\View\View.php(216): CodeIgniter\View\View->CodeIgniter\View\{closure}()
 4 SYSTEMPATH\Common.php(1134): CodeIgniter\View\View->render('viewtampilmahasiswa', [], true)
 5 APPPATH\Controllers\Mahasiswa.php(17): view('viewtampilmahasiswa', [...])
 6 SYSTEMPATH\CodeIgniter.php(927): App\Controllers\Mahasiswa->index()
 7 SYSTEMPATH\CodeIgniter.php(482): CodeIgniter\CodeIgniter->runController(Object(App\Controllers\Mahasiswa))
 8 SYSTEMPATH\CodeIgniter.php(351): CodeIgniter\CodeIgniter->handleRequest(null, Object(Config\Cache), false)
 9 FCPATH\index.php(67): CodeIgniter\CodeIgniter->run()
10 SYSTEMPATH\Commands\Server\rewrite.php(46): require_once('FCPATH\\index.php')
CRITICAL - 2022-11-10 06:39:58 --> Undefined property: mysqli::$nim
in APPPATH\Views\viewtampilmahasiswa.php on line 37.
 1 APPPATH\Views\viewtampilmahasiswa.php(37): CodeIgniter\Debug\Exceptions->errorHandler(2, 'Undefined property: mysqli::$nim', 'APPPATH\\Views\\viewtampilmahasiswa.php', 37)
 2 SYSTEMPATH\View\View.php(213): include('APPPATH\\Views\\viewtampilmahasiswa.php')
 3 SYSTEMPATH\View\View.php(216): CodeIgniter\View\View->CodeIgniter\View\{closure}()
 4 SYSTEMPATH\Common.php(1134): CodeIgniter\View\View->render('viewtampilmahasiswa', [], true)
 5 APPPATH\Controllers\Mahasiswa.php(17): view('viewtampilmahasiswa', [...])
 6 SYSTEMPATH\CodeIgniter.php(927): App\Controllers\Mahasiswa->index()
 7 SYSTEMPATH\CodeIgniter.php(482): CodeIgniter\CodeIgniter->runController(Object(App\Controllers\Mahasiswa))
 8 SYSTEMPATH\CodeIgniter.php(351): CodeIgniter\CodeIgniter->handleRequest(null, Object(Config\Cache), false)
 9 FCPATH\index.php(67): CodeIgniter\CodeIgniter->run()
10 SYSTEMPATH\Commands\Server\rewrite.php(46): require_once('FCPATH\\index.php')
CRITICAL - 2022-11-10 06:40:08 --> Undefined property: mysqli::$nama
in APPPATH\Views\viewtampilmahasiswa.php on line 36.
 1 APPPATH\Views\viewtampilmahasiswa.php(36): CodeIgniter\Debug\Exceptions->errorHandler(2, 'Undefined property: mysqli::$nama', 'APPPATH\\Views\\viewtampilmahasiswa.php', 36)
 2 SYSTEMPATH\View\View.php(213): include('APPPATH\\Views\\viewtampilmahasiswa.php')
 3 SYSTEMPATH\View\View.php(216): CodeIgniter\View\View->CodeIgniter\View\{closure}()
 4 SYSTEMPATH\Common.php(1134): CodeIgniter\View\View->render('viewtampilmahasiswa', [], true)
 5 APPPATH\Controllers\Mahasiswa.php(17): view('viewtampilmahasiswa', [...])
 6 SYSTEMPATH\CodeIgniter.php(927): App\Controllers\Mahasiswa->index()
 7 SYSTEMPATH\CodeIgniter.php(482): CodeIgniter\CodeIgniter->runController(Object(App\Controllers\Mahasiswa))
 8 SYSTEMPATH\CodeIgniter.php(351): CodeIgniter\CodeIgniter->handleRequest(null, Object(Config\Cache), false)
 9 FCPATH\index.php(67): CodeIgniter\CodeIgniter->run()
10 SYSTEMPATH\Commands\Server\rewrite.php(46): require_once('FCPATH\\index.php')
CRITICAL - 2022-11-10 06:56:29 --> Undefined property: mysqli::$id
in APPPATH\Views\viewtampilfilm.php on line 37.
 1 APPPATH\Views\viewtampilfilm.php(37): CodeIgniter\Debug\Exceptions->errorHandler(2, 'Undefined property: mysqli::$id', 'APPPATH\\Views\\viewtampilfilm.php', 37)
 2 SYSTEMPATH\View\View.php(213): include('APPPATH\\Views\\viewtampilfilm.php')
 3 SYSTEMPATH\View\View.php(216): CodeIgniter\View\View->CodeIgniter\View\{closure}()
 4 SYSTEMPATH\Common.php(1134): CodeIgniter\View\View->render('viewtampilfilm', [], true)
 5 APPPATH\Controllers\Film.php(17): view('viewtampilfilm', [...])
 6 SYSTEMPATH\CodeIgniter.php(927): App\Controllers\Film->index()
 7 SYSTEMPATH\CodeIgniter.php(482): CodeIgniter\CodeIgniter->runController(Object(App\Controllers\Film))
 8 SYSTEMPATH\CodeIgniter.php(351): CodeIgniter\CodeIgniter->handleRequest(null, Object(Config\Cache), false)
 9 FCPATH\index.php(67): CodeIgniter\CodeIgniter->run()
10 SYSTEMPATH\Commands\Server\rewrite.php(46): require_once('FCPATH\\index.php')
ERROR - 2022-11-10 07:24:16 --> Error connecting to the database: mysqli_sql_exception: No connection could be made because the target machine actively refused it in C:\xampp\htdocs\ci-lat\system\Database\MySQLi\Connection.php:171
Stack trace:
#0 C:\xampp\htdocs\ci-lat\system\Database\MySQLi\Connection.php(171): mysqli->real_connect('localhost', 'root', '', 'hiburan', 3306, '', 0)
#1 C:\xampp\htdocs\ci-lat\system\Database\BaseConnection.php(382): CodeIgniter\Database\MySQLi\Connection->connect(false)
#2 C:\xampp\htdocs\ci-lat\system\Database\BaseConnection.php(561): CodeIgniter\Database\BaseConnection->initialize()
#3 C:\xampp\htdocs\ci-lat\system\Database\BaseBuilder.php(1585): CodeIgniter\Database\BaseConnection->query('SELECT *\nFROM `...', Array, false)
#4 C:\xampp\htdocs\ci-lat\app\Models\Modelfilm.php(15): CodeIgniter\Database\BaseBuilder->get()
#5 C:\xampp\htdocs\ci-lat\app\Controllers\Film.php(14): App\Models\Modelfilm->tampildata()
#6 C:\xampp\htdocs\ci-lat\system\CodeIgniter.php(927): App\Controllers\Film->index()
#7 C:\xampp\htdocs\ci-lat\system\CodeIgniter.php(482): CodeIgniter\CodeIgniter->runController(Object(App\Controllers\Film))
#8 C:\xampp\htdocs\ci-lat\system\CodeIgniter.php(351): CodeIgniter\CodeIgniter->handleRequest(NULL, Object(Config\Cache), false)
#9 C:\xampp\htdocs\ci-lat\public\index.php(67): CodeIgniter\CodeIgniter->run()
#10 C:\xampp\htdocs\ci-lat\system\Commands\Server\rewrite.php(46): require_once('C:\\xampp\\htdocs...')
#11 {main}

Next CodeIgniter\Database\Exceptions\DatabaseException: No connection could be made because the target machine actively refused it in C:\xampp\htdocs\ci-lat\system\Database\MySQLi\Connection.php:215
Stack trace:
#0 C:\xampp\htdocs\ci-lat\system\Database\BaseConnection.php(382): CodeIgniter\Database\MySQLi\Connection->connect(false)
#1 C:\xampp\htdocs\ci-lat\system\Database\BaseConnection.php(561): CodeIgniter\Database\BaseConnection->initialize()
#2 C:\xampp\htdocs\ci-lat\system\Database\BaseBuilder.php(1585): CodeIgniter\Database\BaseConnection->query('SELECT *\nFROM `...', Array, false)
#3 C:\xampp\htdocs\ci-lat\app\Models\Modelfilm.php(15): CodeIgniter\Database\BaseBuilder->get()
#4 C:\xampp\htdocs\ci-lat\app\Controllers\Film.php(14): App\Models\Modelfilm->tampildata()
#5 C:\xampp\htdocs\ci-lat\system\CodeIgniter.php(927): App\Controllers\Film->index()
#6 C:\xampp\htdocs\ci-lat\system\CodeIgniter.php(482): CodeIgniter\CodeIgniter->runController(Object(App\Controllers\Film))
#7 C:\xampp\htdocs\ci-lat\system\CodeIgniter.php(351): CodeIgniter\CodeIgniter->handleRequest(NULL, Object(Config\Cache), false)
#8 C:\xampp\htdocs\ci-lat\public\index.php(67): CodeIgniter\CodeIgniter->run()
#9 C:\xampp\htdocs\ci-lat\system\Commands\Server\rewrite.php(46): require_once('C:\\xampp\\htdocs...')
#10 {main}
CRITICAL - 2022-11-10 07:24:16 --> Unable to connect to the database.
Main connection [MySQLi]: No connection could be made because the target machine actively refused it
in SYSTEMPATH\Database\BaseConnection.php on line 418.
 1 SYSTEMPATH\Database\BaseConnection.php(561): CodeIgniter\Database\BaseConnection->initialize()
 2 SYSTEMPATH\Database\BaseBuilder.php(1585): CodeIgniter\Database\BaseConnection->query('SELECT *
FROM `film`', [], false)
 3 APPPATH\Models\Modelfilm.php(15): CodeIgniter\Database\BaseBuilder->get()
 4 APPPATH\Controllers\Film.php(14): App\Models\Modelfilm->tampildata()
 5 SYSTEMPATH\CodeIgniter.php(927): App\Controllers\Film->index()
 6 SYSTEMPATH\CodeIgniter.php(482): CodeIgniter\CodeIgniter->runController(Object(App\Controllers\Film))
 7 SYSTEMPATH\CodeIgniter.php(351): CodeIgniter\CodeIgniter->handleRequest(null, Object(Config\Cache), false)
 8 FCPATH\index.php(67): CodeIgniter\CodeIgniter->run()
 9 SYSTEMPATH\Commands\Server\rewrite.php(46): require_once('FCPATH\\index.php')
CRITICAL - 2022-11-10 07:24:32 --> Undefined property: mysqli::$id
in APPPATH\Views\viewtampilfilm.php on line 37.
 1 APPPATH\Views\viewtampilfilm.php(37): CodeIgniter\Debug\Exceptions->errorHandler(2, 'Undefined property: mysqli::$id', 'APPPATH\\Views\\viewtampilfilm.php', 37)
 2 SYSTEMPATH\View\View.php(213): include('APPPATH\\Views\\viewtampilfilm.php')
 3 SYSTEMPATH\View\View.php(216): CodeIgniter\View\View->CodeIgniter\View\{closure}()
 4 SYSTEMPATH\Common.php(1134): CodeIgniter\View\View->render('viewtampilfilm', [], true)
 5 APPPATH\Controllers\Film.php(17): view('viewtampilfilm', [...])
 6 SYSTEMPATH\CodeIgniter.php(927): App\Controllers\Film->index()
 7 SYSTEMPATH\CodeIgniter.php(482): CodeIgniter\CodeIgniter->runController(Object(App\Controllers\Film))
 8 SYSTEMPATH\CodeIgniter.php(351): CodeIgniter\CodeIgniter->handleRequest(null, Object(Config\Cache), false)
 9 FCPATH\index.php(67): CodeIgniter\CodeIgniter->run()
10 SYSTEMPATH\Commands\Server\rewrite.php(46): require_once('FCPATH\\index.php')
CRITICAL - 2022-11-10 08:08:22 --> Undefined property: mysqli::$id
in APPPATH\Views\viewtampilfilm.php on line 37.
 1 APPPATH\Views\viewtampilfilm.php(37): CodeIgniter\Debug\Exceptions->errorHandler(2, 'Undefined property: mysqli::$id', 'APPPATH\\Views\\viewtampilfilm.php', 37)
 2 SYSTEMPATH\View\View.php(213): include('APPPATH\\Views\\viewtampilfilm.php')
 3 SYSTEMPATH\View\View.php(216): CodeIgniter\View\View->CodeIgniter\View\{closure}()
 4 SYSTEMPATH\Common.php(1134): CodeIgniter\View\View->render('viewtampilfilm', [], true)
 5 APPPATH\Controllers\Film.php(17): view('viewtampilfilm', [...])
 6 SYSTEMPATH\CodeIgniter.php(927): App\Controllers\Film->index()
 7 SYSTEMPATH\CodeIgniter.php(482): CodeIgniter\CodeIgniter->runController(Object(App\Controllers\Film))
 8 SYSTEMPATH\CodeIgniter.php(351): CodeIgniter\CodeIgniter->handleRequest(null, Object(Config\Cache), false)
 9 FCPATH\index.php(67): CodeIgniter\CodeIgniter->run()
10 SYSTEMPATH\Commands\Server\rewrite.php(46): require_once('FCPATH\\index.php')
CRITICAL - 2022-11-10 08:08:24 --> Undefined property: mysqli::$id
in APPPATH\Views\viewtampilfilm.php on line 37.
 1 APPPATH\Views\viewtampilfilm.php(37): CodeIgniter\Debug\Exceptions->errorHandler(2, 'Undefined property: mysqli::$id', 'APPPATH\\Views\\viewtampilfilm.php', 37)
 2 SYSTEMPATH\View\View.php(213): include('APPPATH\\Views\\viewtampilfilm.php')
 3 SYSTEMPATH\View\View.php(216): CodeIgniter\View\View->CodeIgniter\View\{closure}()
 4 SYSTEMPATH\Common.php(1134): CodeIgniter\View\View->render('viewtampilfilm', [], true)
 5 APPPATH\Controllers\Film.php(17): view('viewtampilfilm', [...])
 6 SYSTEMPATH\CodeIgniter.php(927): App\Controllers\Film->index()
 7 SYSTEMPATH\CodeIgniter.php(482): CodeIgniter\CodeIgniter->runController(Object(App\Controllers\Film))
 8 SYSTEMPATH\CodeIgniter.php(351): CodeIgniter\CodeIgniter->handleRequest(null, Object(Config\Cache), false)
 9 FCPATH\index.php(67): CodeIgniter\CodeIgniter->run()
10 SYSTEMPATH\Commands\Server\rewrite.php(46): require_once('FCPATH\\index.php')
CRITICAL - 2022-11-10 09:53:31 --> Undefined property: mysqli::$id
in APPPATH\Views\viewtampilfilm.php on line 37.
 1 APPPATH\Views\viewtampilfilm.php(37): CodeIgniter\Debug\Exceptions->errorHandler(2, 'Undefined property: mysqli::$id', 'APPPATH\\Views\\viewtampilfilm.php', 37)
 2 SYSTEMPATH\View\View.php(213): include('APPPATH\\Views\\viewtampilfilm.php')
 3 SYSTEMPATH\View\View.php(216): CodeIgniter\View\View->CodeIgniter\View\{closure}()
 4 SYSTEMPATH\Common.php(1134): CodeIgniter\View\View->render('viewtampilfilm', [], true)
 5 APPPATH\Controllers\Film.php(17): view('viewtampilfilm', [...])
 6 SYSTEMPATH\CodeIgniter.php(927): App\Controllers\Film->index()
 7 SYSTEMPATH\CodeIgniter.php(482): CodeIgniter\CodeIgniter->runController(Object(App\Controllers\Film))
 8 SYSTEMPATH\CodeIgniter.php(351): CodeIgniter\CodeIgniter->handleRequest(null, Object(Config\Cache), false)
 9 FCPATH\index.php(67): CodeIgniter\CodeIgniter->run()
10 SYSTEMPATH\Commands\Server\rewrite.php(46): require_once('FCPATH\\index.php')
