CRITICAL - 2022-12-26 10:34:00 --> Undefined variable $session
in APPPATH\Views\layout\dashboard-layout.php on line 126.
 1 APPPATH\Views\layout\dashboard-layout.php(126): CodeIgniter\Debug\Exceptions->errorHandler(2, 'Undefined variable $session', 'APPPATH\\Views\\layout\\dashboard-layout.php', 126)
 2 SYSTEMPATH\View\View.php(213): include('APPPATH\\Views\\layout\\dashboard-layout.php')
 3 SYSTEMPATH\View\View.php(216): CodeIgniter\View\View->CodeIgniter\View\{closure}()
 4 SYSTEMPATH\View\View.php(229): CodeIgniter\View\View->render('layout/dashboard-layout', [], true)
 5 SYSTEMPATH\Common.php(1134): CodeIgniter\View\View->render('dashboard/Pengaturan', [], true)
 6 APPPATH\Controllers\UserController.php(127): view('dashboard/Pengaturan', [...])
 7 SYSTEMPATH\CodeIgniter.php(927): App\Controllers\UserController->pengaturan()
 8 SYSTEMPATH\CodeIgniter.php(482): CodeIgniter\CodeIgniter->runController(Object(App\Controllers\UserController))
 9 SYSTEMPATH\CodeIgniter.php(351): CodeIgniter\CodeIgniter->handleRequest(null, Object(Config\Cache), false)
10 FCPATH\index.php(67): CodeIgniter\CodeIgniter->run()
11 SYSTEMPATH\Commands\Server\rewrite.php(46): require_once('FCPATH\\index.php')
ERROR - 2022-12-26 01:08:12 --> mysqli_sql_exception: MySQL server has gone away in D:\PAT\PAT_BAGINOTES\system\Database\MySQLi\Connection.php:292
Stack trace:
#0 D:\PAT\PAT_BAGINOTES\system\Database\MySQLi\Connection.php(292): mysqli->query('SHOW COLUMNS FR...', 0)
#1 D:\PAT\PAT_BAGINOTES\system\Database\BaseConnection.php(666): CodeIgniter\Database\MySQLi\Connection->execute('SHOW COLUMNS FR...')
#2 D:\PAT\PAT_BAGINOTES\system\Database\BaseConnection.php(593): CodeIgniter\Database\BaseConnection->simpleQuery('SHOW COLUMNS FR...')
#3 D:\PAT\PAT_BAGINOTES\system\Database\BaseConnection.php(1451): CodeIgniter\Database\BaseConnection->query('SHOW COLUMNS FR...')
#4 D:\PAT\PAT_BAGINOTES\system\Commands\Database\ShowTableInfo.php(162): CodeIgniter\Database\BaseConnection->getFieldNames('pengguna')
#5 D:\PAT\PAT_BAGINOTES\system\Commands\Database\ShowTableInfo.php(143): CodeIgniter\Commands\Database\ShowTableInfo->showDataOfTable('pengguna', 10, 15)
#6 D:\PAT\PAT_BAGINOTES\system\CLI\Commands.php(63): CodeIgniter\Commands\Database\ShowTableInfo->run(Array)
#7 D:\PAT\PAT_BAGINOTES\system\CLI\CommandRunner.php(65): CodeIgniter\CLI\Commands->run('db:table', Array)
#8 D:\PAT\PAT_BAGINOTES\system\CLI\CommandRunner.php(51): CodeIgniter\CLI\CommandRunner->index(Array)
#9 D:\PAT\PAT_BAGINOTES\system\CodeIgniter.php(920): CodeIgniter\CLI\CommandRunner->_remap('index', Array)
#10 D:\PAT\PAT_BAGINOTES\system\CodeIgniter.php(482): CodeIgniter\CodeIgniter->runController(Object(CodeIgniter\CLI\CommandRunner))
#11 D:\PAT\PAT_BAGINOTES\system\CodeIgniter.php(347): CodeIgniter\CodeIgniter->handleRequest(NULL, Object(Config\Cache), false)
#12 D:\PAT\PAT_BAGINOTES\system\CLI\Console.php(48): CodeIgniter\CodeIgniter->run()
#13 D:\PAT\PAT_BAGINOTES\spark(98): CodeIgniter\CLI\Console->run()
#14 {main}
CRITICAL - 2022-12-26 01:08:12 --> MySQL server has gone away
in SYSTEMPATH\Database\MySQLi\Connection.php on line 292.
 1 SYSTEMPATH\Database\MySQLi\Connection.php(292): mysqli->query('SHOW COLUMNS FROM `pengguna`', 0)
 2 SYSTEMPATH\Database\BaseConnection.php(666): CodeIgniter\Database\MySQLi\Connection->execute('SHOW COLUMNS FROM `pengguna`')
 3 SYSTEMPATH\Database\BaseConnection.php(593): CodeIgniter\Database\BaseConnection->simpleQuery('SHOW COLUMNS FROM `pengguna`')
 4 SYSTEMPATH\Database\BaseConnection.php(1451): CodeIgniter\Database\BaseConnection->query('SHOW COLUMNS FROM `pengguna`')
 5 SYSTEMPATH\Commands\Database\ShowTableInfo.php(162): CodeIgniter\Database\BaseConnection->getFieldNames('pengguna')
 6 SYSTEMPATH\Commands\Database\ShowTableInfo.php(143): CodeIgniter\Commands\Database\ShowTableInfo->showDataOfTable('pengguna', 10, 15)
 7 SYSTEMPATH\CLI\Commands.php(63): CodeIgniter\Commands\Database\ShowTableInfo->run([])
 8 SYSTEMPATH\CLI\CommandRunner.php(65): CodeIgniter\CLI\Commands->run('db:table', [])
 9 SYSTEMPATH\CLI\CommandRunner.php(51): CodeIgniter\CLI\CommandRunner->index([])
10 SYSTEMPATH\CodeIgniter.php(920): CodeIgniter\CLI\CommandRunner->_remap('index', [...])
11 SYSTEMPATH\CodeIgniter.php(482): CodeIgniter\CodeIgniter->runController(Object(CodeIgniter\CLI\CommandRunner))
12 SYSTEMPATH\CodeIgniter.php(347): CodeIgniter\CodeIgniter->handleRequest(null, Object(Config\Cache), false)
13 SYSTEMPATH\CLI\Console.php(48): CodeIgniter\CodeIgniter->run()
14 ROOTPATH\spark(98): CodeIgniter\CLI\Console->run()
