CRITICAL - 2022-12-23 00:21:08 --> Undefined variable $tanggal
in APPPATH\Views\dashboard\Probstat.php on line 26.
 1 APPPATH\Views\dashboard\Probstat.php(26): CodeIgniter\Debug\Exceptions->errorHandler(2, 'Undefined variable $tanggal', 'APPPATH\\Views\\dashboard\\Probstat.php', 26)
 2 SYSTEMPATH\View\View.php(213): include('APPPATH\\Views\\dashboard\\Probstat.php')
 3 SYSTEMPATH\View\View.php(216): CodeIgniter\View\View->CodeIgniter\View\{closure}()
 4 SYSTEMPATH\Common.php(1134): CodeIgniter\View\View->render('dashboard/Probstat', [], true)
 5 APPPATH\Controllers\UserController.php(26): view('dashboard/Probstat', [...])
 6 SYSTEMPATH\CodeIgniter.php(927): App\Controllers\UserController->probstat()
 7 SYSTEMPATH\CodeIgniter.php(482): CodeIgniter\CodeIgniter->runController(Object(App\Controllers\UserController))
 8 SYSTEMPATH\CodeIgniter.php(351): CodeIgniter\CodeIgniter->handleRequest(null, Object(Config\Cache), false)
 9 FCPATH\index.php(67): CodeIgniter\CodeIgniter->run()
10 SYSTEMPATH\Commands\Server\rewrite.php(46): require_once('FCPATH\\index.php')
ERROR - 2022-12-23 02:52:11 --> mysqli_sql_exception: Incorrect table definition; there can be only one auto column and it must be defined as a key in C:\xampp\htdocs\PAT_BAGINOTES\system\Database\MySQLi\Connection.php:292
Stack trace:
#0 C:\xampp\htdocs\PAT_BAGINOTES\system\Database\MySQLi\Connection.php(292): mysqli->query('CREATE TABLE `c...', 0)
#1 C:\xampp\htdocs\PAT_BAGINOTES\system\Database\BaseConnection.php(666): CodeIgniter\Database\MySQLi\Connection->execute('CREATE TABLE `c...')
#2 C:\xampp\htdocs\PAT_BAGINOTES\system\Database\BaseConnection.php(593): CodeIgniter\Database\BaseConnection->simpleQuery('CREATE TABLE `c...')
#3 C:\xampp\htdocs\PAT_BAGINOTES\system\Database\Forge.php(509): CodeIgniter\Database\BaseConnection->query('CREATE TABLE `c...')
#4 C:\xampp\htdocs\PAT_BAGINOTES\app\Database\Migrations\2022-12-23-082041_Catatan.php(40): CodeIgniter\Database\Forge->createTable('catatan')
#5 C:\xampp\htdocs\PAT_BAGINOTES\system\Database\MigrationRunner.php(868): App\Database\Migrations\Catatan->up()
#6 C:\xampp\htdocs\PAT_BAGINOTES\system\Database\MigrationRunner.php(187): CodeIgniter\Database\MigrationRunner->migrate('up', Object(stdClass))
#7 C:\xampp\htdocs\PAT_BAGINOTES\system\Commands\Database\Migrate.php(84): CodeIgniter\Database\MigrationRunner->latest(NULL)
#8 C:\xampp\htdocs\PAT_BAGINOTES\system\CLI\Commands.php(63): CodeIgniter\Commands\Database\Migrate->run(Array)
#9 C:\xampp\htdocs\PAT_BAGINOTES\system\CLI\CommandRunner.php(65): CodeIgniter\CLI\Commands->run('migrate', Array)
#10 C:\xampp\htdocs\PAT_BAGINOTES\system\CLI\CommandRunner.php(51): CodeIgniter\CLI\CommandRunner->index(Array)
#11 C:\xampp\htdocs\PAT_BAGINOTES\system\CodeIgniter.php(920): CodeIgniter\CLI\CommandRunner->_remap('index', Array)
#12 C:\xampp\htdocs\PAT_BAGINOTES\system\CodeIgniter.php(482): CodeIgniter\CodeIgniter->runController(Object(CodeIgniter\CLI\CommandRunner))
#13 C:\xampp\htdocs\PAT_BAGINOTES\system\CodeIgniter.php(347): CodeIgniter\CodeIgniter->handleRequest(NULL, Object(Config\Cache), false)
#14 C:\xampp\htdocs\PAT_BAGINOTES\system\CLI\Console.php(48): CodeIgniter\CodeIgniter->run()
#15 C:\xampp\htdocs\PAT_BAGINOTES\spark(98): CodeIgniter\CLI\Console->run()
#16 {main}
ERROR - 2022-12-23 02:52:39 --> mysqli_sql_exception: Incorrect table definition; there can be only one auto column and it must be defined as a key in C:\xampp\htdocs\PAT_BAGINOTES\system\Database\MySQLi\Connection.php:292
Stack trace:
#0 C:\xampp\htdocs\PAT_BAGINOTES\system\Database\MySQLi\Connection.php(292): mysqli->query('CREATE TABLE `c...', 0)
#1 C:\xampp\htdocs\PAT_BAGINOTES\system\Database\BaseConnection.php(666): CodeIgniter\Database\MySQLi\Connection->execute('CREATE TABLE `c...')
#2 C:\xampp\htdocs\PAT_BAGINOTES\system\Database\BaseConnection.php(593): CodeIgniter\Database\BaseConnection->simpleQuery('CREATE TABLE `c...')
#3 C:\xampp\htdocs\PAT_BAGINOTES\system\Database\Forge.php(509): CodeIgniter\Database\BaseConnection->query('CREATE TABLE `c...')
#4 C:\xampp\htdocs\PAT_BAGINOTES\app\Database\Migrations\2022-12-23-082041_Catatan.php(40): CodeIgniter\Database\Forge->createTable('catatan')
#5 C:\xampp\htdocs\PAT_BAGINOTES\system\Database\MigrationRunner.php(868): App\Database\Migrations\Catatan->up()
#6 C:\xampp\htdocs\PAT_BAGINOTES\system\Database\MigrationRunner.php(187): CodeIgniter\Database\MigrationRunner->migrate('up', Object(stdClass))
#7 C:\xampp\htdocs\PAT_BAGINOTES\system\Commands\Database\Migrate.php(84): CodeIgniter\Database\MigrationRunner->latest(NULL)
#8 C:\xampp\htdocs\PAT_BAGINOTES\system\CLI\Commands.php(63): CodeIgniter\Commands\Database\Migrate->run(Array)
#9 C:\xampp\htdocs\PAT_BAGINOTES\system\CLI\CommandRunner.php(65): CodeIgniter\CLI\Commands->run('migrate', Array)
#10 C:\xampp\htdocs\PAT_BAGINOTES\system\CLI\CommandRunner.php(51): CodeIgniter\CLI\CommandRunner->index(Array)
#11 C:\xampp\htdocs\PAT_BAGINOTES\system\CodeIgniter.php(920): CodeIgniter\CLI\CommandRunner->_remap('index', Array)
#12 C:\xampp\htdocs\PAT_BAGINOTES\system\CodeIgniter.php(482): CodeIgniter\CodeIgniter->runController(Object(CodeIgniter\CLI\CommandRunner))
#13 C:\xampp\htdocs\PAT_BAGINOTES\system\CodeIgniter.php(347): CodeIgniter\CodeIgniter->handleRequest(NULL, Object(Config\Cache), false)
#14 C:\xampp\htdocs\PAT_BAGINOTES\system\CLI\Console.php(48): CodeIgniter\CodeIgniter->run()
#15 C:\xampp\htdocs\PAT_BAGINOTES\spark(98): CodeIgniter\CLI\Console->run()
#16 {main}
CRITICAL - 2022-12-23 02:54:02 --> Cannot declare class App\Database\Migrations\Catatan, because the name is already in use
in APPPATH\Database\Migrations\2022-12-23-085236_Catatan.php on line 7.
 1 [internal function]: CodeIgniter\Debug\Exceptions->shutdownHandler()
CRITICAL - 2022-12-23 02:54:13 --> Cannot declare class App\Database\Migrations\Catatan, because the name is already in use
in APPPATH\Database\Migrations\2022-12-23-085410_Catatan.php on line 7.
 1 [internal function]: CodeIgniter\Debug\Exceptions->shutdownHandler()
CRITICAL - 2022-12-23 03:07:19 --> Undefined variable $catatan
in APPPATH\Views\dashboard\Catatansaya.php on line 29.
 1 APPPATH\Views\dashboard\Catatansaya.php(29): CodeIgniter\Debug\Exceptions->errorHandler(2, 'Undefined variable $catatan', 'APPPATH\\Views\\dashboard\\Catatansaya.php', 29)
 2 SYSTEMPATH\View\View.php(213): include('APPPATH\\Views\\dashboard\\Catatansaya.php')
 3 SYSTEMPATH\View\View.php(216): CodeIgniter\View\View->CodeIgniter\View\{closure}()
 4 SYSTEMPATH\Common.php(1134): CodeIgniter\View\View->render('dashboard/Catatansaya', [], true)
 5 APPPATH\Controllers\UserController.php(31): view('dashboard/Catatansaya', [...])
 6 SYSTEMPATH\CodeIgniter.php(927): App\Controllers\UserController->catatansaya()
 7 SYSTEMPATH\CodeIgniter.php(482): CodeIgniter\CodeIgniter->runController(Object(App\Controllers\UserController))
 8 SYSTEMPATH\CodeIgniter.php(351): CodeIgniter\CodeIgniter->handleRequest(null, Object(Config\Cache), false)
 9 FCPATH\index.php(67): CodeIgniter\CodeIgniter->run()
10 SYSTEMPATH\Commands\Server\rewrite.php(46): require_once('FCPATH\\index.php')
CRITICAL - 2022-12-23 03:10:06 --> Undefined variable $catatan
in APPPATH\Views\dashboard\Catatansaya.php on line 30.
 1 APPPATH\Views\dashboard\Catatansaya.php(30): CodeIgniter\Debug\Exceptions->errorHandler(2, 'Undefined variable $catatan', 'APPPATH\\Views\\dashboard\\Catatansaya.php', 30)
 2 SYSTEMPATH\View\View.php(213): include('APPPATH\\Views\\dashboard\\Catatansaya.php')
 3 SYSTEMPATH\View\View.php(216): CodeIgniter\View\View->CodeIgniter\View\{closure}()
 4 SYSTEMPATH\Common.php(1134): CodeIgniter\View\View->render('dashboard/Catatansaya', [], true)
 5 APPPATH\Controllers\UserController.php(31): view('dashboard/Catatansaya', [...])
 6 SYSTEMPATH\CodeIgniter.php(927): App\Controllers\UserController->catatansaya()
 7 SYSTEMPATH\CodeIgniter.php(482): CodeIgniter\CodeIgniter->runController(Object(App\Controllers\UserController))
 8 SYSTEMPATH\CodeIgniter.php(351): CodeIgniter\CodeIgniter->handleRequest(null, Object(Config\Cache), false)
 9 FCPATH\index.php(67): CodeIgniter\CodeIgniter->run()
10 SYSTEMPATH\Commands\Server\rewrite.php(46): require_once('FCPATH\\index.php')
CRITICAL - 2022-12-23 03:10:48 --> Undefined variable $catatan
in APPPATH\Views\dashboard\Catatansaya.php on line 30.
 1 APPPATH\Views\dashboard\Catatansaya.php(30): CodeIgniter\Debug\Exceptions->errorHandler(2, 'Undefined variable $catatan', 'APPPATH\\Views\\dashboard\\Catatansaya.php', 30)
 2 SYSTEMPATH\View\View.php(213): include('APPPATH\\Views\\dashboard\\Catatansaya.php')
 3 SYSTEMPATH\View\View.php(216): CodeIgniter\View\View->CodeIgniter\View\{closure}()
 4 SYSTEMPATH\Common.php(1134): CodeIgniter\View\View->render('dashboard/Catatansaya', [], true)
 5 APPPATH\Controllers\UserController.php(31): view('dashboard/Catatansaya', [...])
 6 SYSTEMPATH\CodeIgniter.php(927): App\Controllers\UserController->catatansaya()
 7 SYSTEMPATH\CodeIgniter.php(482): CodeIgniter\CodeIgniter->runController(Object(App\Controllers\UserController))
 8 SYSTEMPATH\CodeIgniter.php(351): CodeIgniter\CodeIgniter->handleRequest(null, Object(Config\Cache), false)
 9 FCPATH\index.php(67): CodeIgniter\CodeIgniter->run()
10 SYSTEMPATH\Commands\Server\rewrite.php(46): require_once('FCPATH\\index.php')
CRITICAL - 2022-12-23 03:11:06 --> Undefined variable $catatan
in APPPATH\Views\dashboard\Catatansaya.php on line 30.
 1 APPPATH\Views\dashboard\Catatansaya.php(30): CodeIgniter\Debug\Exceptions->errorHandler(2, 'Undefined variable $catatan', 'APPPATH\\Views\\dashboard\\Catatansaya.php', 30)
 2 SYSTEMPATH\View\View.php(213): include('APPPATH\\Views\\dashboard\\Catatansaya.php')
 3 SYSTEMPATH\View\View.php(216): CodeIgniter\View\View->CodeIgniter\View\{closure}()
 4 SYSTEMPATH\Common.php(1134): CodeIgniter\View\View->render('dashboard/Catatansaya', [], true)
 5 APPPATH\Controllers\UserController.php(31): view('dashboard/Catatansaya', [...])
 6 SYSTEMPATH\CodeIgniter.php(927): App\Controllers\UserController->catatansaya()
 7 SYSTEMPATH\CodeIgniter.php(482): CodeIgniter\CodeIgniter->runController(Object(App\Controllers\UserController))
 8 SYSTEMPATH\CodeIgniter.php(351): CodeIgniter\CodeIgniter->handleRequest(null, Object(Config\Cache), false)
 9 FCPATH\index.php(67): CodeIgniter\CodeIgniter->run()
10 SYSTEMPATH\Commands\Server\rewrite.php(46): require_once('FCPATH\\index.php')
CRITICAL - 2022-12-23 03:14:40 --> Undefined variable $catatan
in APPPATH\Views\dashboard\Catatansaya.php on line 30.
 1 APPPATH\Views\dashboard\Catatansaya.php(30): CodeIgniter\Debug\Exceptions->errorHandler(2, 'Undefined variable $catatan', 'APPPATH\\Views\\dashboard\\Catatansaya.php', 30)
 2 SYSTEMPATH\View\View.php(213): include('APPPATH\\Views\\dashboard\\Catatansaya.php')
 3 SYSTEMPATH\View\View.php(216): CodeIgniter\View\View->CodeIgniter\View\{closure}()
 4 SYSTEMPATH\Common.php(1134): CodeIgniter\View\View->render('dashboard/Catatansaya', [], true)
 5 APPPATH\Controllers\UserController.php(31): view('dashboard/Catatansaya', [...])
 6 SYSTEMPATH\CodeIgniter.php(927): App\Controllers\UserController->catatansaya()
 7 SYSTEMPATH\CodeIgniter.php(482): CodeIgniter\CodeIgniter->runController(Object(App\Controllers\UserController))
 8 SYSTEMPATH\CodeIgniter.php(351): CodeIgniter\CodeIgniter->handleRequest(null, Object(Config\Cache), false)
 9 FCPATH\index.php(67): CodeIgniter\CodeIgniter->run()
10 SYSTEMPATH\Commands\Server\rewrite.php(46): require_once('FCPATH\\index.php')
CRITICAL - 2022-12-23 07:20:52 --> Undefined variable $catatan
in APPPATH\Views\dashboard\Catatansaya.php on line 30.
 1 APPPATH\Views\dashboard\Catatansaya.php(30): CodeIgniter\Debug\Exceptions->errorHandler(2, 'Undefined variable $catatan', 'APPPATH\\Views\\dashboard\\Catatansaya.php', 30)
 2 SYSTEMPATH\View\View.php(213): include('APPPATH\\Views\\dashboard\\Catatansaya.php')
 3 SYSTEMPATH\View\View.php(216): CodeIgniter\View\View->CodeIgniter\View\{closure}()
 4 SYSTEMPATH\Common.php(1134): CodeIgniter\View\View->render('dashboard/Catatansaya', [], true)
 5 APPPATH\Controllers\UserController.php(31): view('dashboard/Catatansaya', [...])
 6 SYSTEMPATH\CodeIgniter.php(927): App\Controllers\UserController->catatansaya()
 7 SYSTEMPATH\CodeIgniter.php(482): CodeIgniter\CodeIgniter->runController(Object(App\Controllers\UserController))
 8 SYSTEMPATH\CodeIgniter.php(351): CodeIgniter\CodeIgniter->handleRequest(null, Object(Config\Cache), false)
 9 FCPATH\index.php(67): CodeIgniter\CodeIgniter->run()
10 SYSTEMPATH\Commands\Server\rewrite.php(46): require_once('FCPATH\\index.php')
CRITICAL - 2022-12-23 07:31:12 --> Undefined variable $catatan
in APPPATH\Views\dashboard\Catatansaya.php on line 30.
 1 APPPATH\Views\dashboard\Catatansaya.php(30): CodeIgniter\Debug\Exceptions->errorHandler(2, 'Undefined variable $catatan', 'APPPATH\\Views\\dashboard\\Catatansaya.php', 30)
 2 SYSTEMPATH\View\View.php(213): include('APPPATH\\Views\\dashboard\\Catatansaya.php')
 3 SYSTEMPATH\View\View.php(216): CodeIgniter\View\View->CodeIgniter\View\{closure}()
 4 SYSTEMPATH\Common.php(1134): CodeIgniter\View\View->render('dashboard/Catatansaya', [], true)
 5 APPPATH\Controllers\UserController.php(31): view('dashboard/Catatansaya', [...])
 6 SYSTEMPATH\CodeIgniter.php(927): App\Controllers\UserController->catatansaya()
 7 SYSTEMPATH\CodeIgniter.php(482): CodeIgniter\CodeIgniter->runController(Object(App\Controllers\UserController))
 8 SYSTEMPATH\CodeIgniter.php(351): CodeIgniter\CodeIgniter->handleRequest(null, Object(Config\Cache), false)
 9 FCPATH\index.php(67): CodeIgniter\CodeIgniter->run()
10 SYSTEMPATH\Commands\Server\rewrite.php(46): require_once('FCPATH\\index.php')
CRITICAL - 2022-12-23 07:32:23 --> Undefined variable $catatan
in APPPATH\Views\dashboard\Catatansaya.php on line 30.
 1 APPPATH\Views\dashboard\Catatansaya.php(30): CodeIgniter\Debug\Exceptions->errorHandler(2, 'Undefined variable $catatan', 'APPPATH\\Views\\dashboard\\Catatansaya.php', 30)
 2 SYSTEMPATH\View\View.php(213): include('APPPATH\\Views\\dashboard\\Catatansaya.php')
 3 SYSTEMPATH\View\View.php(216): CodeIgniter\View\View->CodeIgniter\View\{closure}()
 4 SYSTEMPATH\Common.php(1134): CodeIgniter\View\View->render('dashboard/Catatansaya', [], true)
 5 APPPATH\Controllers\UserController.php(31): view('dashboard/Catatansaya', [...])
 6 SYSTEMPATH\CodeIgniter.php(927): App\Controllers\UserController->catatansaya()
 7 SYSTEMPATH\CodeIgniter.php(482): CodeIgniter\CodeIgniter->runController(Object(App\Controllers\UserController))
 8 SYSTEMPATH\CodeIgniter.php(351): CodeIgniter\CodeIgniter->handleRequest(null, Object(Config\Cache), false)
 9 FCPATH\index.php(67): CodeIgniter\CodeIgniter->run()
10 SYSTEMPATH\Commands\Server\rewrite.php(46): require_once('FCPATH\\index.php')
CRITICAL - 2022-12-23 07:32:55 --> Undefined variable $catatan
in APPPATH\Views\dashboard\Catatansaya.php on line 29.
 1 APPPATH\Views\dashboard\Catatansaya.php(29): CodeIgniter\Debug\Exceptions->errorHandler(2, 'Undefined variable $catatan', 'APPPATH\\Views\\dashboard\\Catatansaya.php', 29)
 2 SYSTEMPATH\View\View.php(213): include('APPPATH\\Views\\dashboard\\Catatansaya.php')
 3 SYSTEMPATH\View\View.php(216): CodeIgniter\View\View->CodeIgniter\View\{closure}()
 4 SYSTEMPATH\Common.php(1134): CodeIgniter\View\View->render('dashboard/Catatansaya', [], true)
 5 APPPATH\Controllers\UserController.php(31): view('dashboard/Catatansaya', [...])
 6 SYSTEMPATH\CodeIgniter.php(927): App\Controllers\UserController->catatansaya()
 7 SYSTEMPATH\CodeIgniter.php(482): CodeIgniter\CodeIgniter->runController(Object(App\Controllers\UserController))
 8 SYSTEMPATH\CodeIgniter.php(351): CodeIgniter\CodeIgniter->handleRequest(null, Object(Config\Cache), false)
 9 FCPATH\index.php(67): CodeIgniter\CodeIgniter->run()
10 SYSTEMPATH\Commands\Server\rewrite.php(46): require_once('FCPATH\\index.php')
CRITICAL - 2022-12-23 13:43:04 --> Undefined variable $catatan
in APPPATH\Views\dashboard\Catatansaya.php on line 29.
 1 APPPATH\Views\dashboard\Catatansaya.php(29): CodeIgniter\Debug\Exceptions->errorHandler(2, 'Undefined variable $catatan', 'APPPATH\\Views\\dashboard\\Catatansaya.php', 29)
 2 SYSTEMPATH\View\View.php(213): include('APPPATH\\Views\\dashboard\\Catatansaya.php')
 3 SYSTEMPATH\View\View.php(216): CodeIgniter\View\View->CodeIgniter\View\{closure}()
 4 SYSTEMPATH\Common.php(1134): CodeIgniter\View\View->render('dashboard/Catatansaya', [], true)
 5 APPPATH\Controllers\UserController.php(31): view('dashboard/Catatansaya', [...])
 6 SYSTEMPATH\CodeIgniter.php(927): App\Controllers\UserController->catatansaya()
 7 SYSTEMPATH\CodeIgniter.php(482): CodeIgniter\CodeIgniter->runController(Object(App\Controllers\UserController))
 8 SYSTEMPATH\CodeIgniter.php(351): CodeIgniter\CodeIgniter->handleRequest(null, Object(Config\Cache), false)
 9 FCPATH\index.php(67): CodeIgniter\CodeIgniter->run()
10 SYSTEMPATH\Commands\Server\rewrite.php(46): require_once('FCPATH\\index.php')
CRITICAL - 2022-12-23 13:45:07 --> Undefined variable $catatan
in APPPATH\Views\dashboard\Catatansaya.php on line 29.
 1 APPPATH\Views\dashboard\Catatansaya.php(29): CodeIgniter\Debug\Exceptions->errorHandler(2, 'Undefined variable $catatan', 'APPPATH\\Views\\dashboard\\Catatansaya.php', 29)
 2 SYSTEMPATH\View\View.php(213): include('APPPATH\\Views\\dashboard\\Catatansaya.php')
 3 SYSTEMPATH\View\View.php(216): CodeIgniter\View\View->CodeIgniter\View\{closure}()
 4 SYSTEMPATH\Common.php(1134): CodeIgniter\View\View->render('dashboard/Catatansaya', [], true)
 5 APPPATH\Controllers\UserController.php(31): view('dashboard/Catatansaya', [...])
 6 SYSTEMPATH\CodeIgniter.php(927): App\Controllers\UserController->catatansaya()
 7 SYSTEMPATH\CodeIgniter.php(482): CodeIgniter\CodeIgniter->runController(Object(App\Controllers\UserController))
 8 SYSTEMPATH\CodeIgniter.php(351): CodeIgniter\CodeIgniter->handleRequest(null, Object(Config\Cache), false)
 9 FCPATH\index.php(67): CodeIgniter\CodeIgniter->run()
10 SYSTEMPATH\Commands\Server\rewrite.php(46): require_once('FCPATH\\index.php')
ERROR - 2022-12-23 14:17:03 --> mysqli_sql_exception: Unknown table 'bagi_notes.catatan' in C:\xampp\htdocs\PAT_BAGINOTES\system\Database\MySQLi\Connection.php:292
Stack trace:
#0 C:\xampp\htdocs\PAT_BAGINOTES\system\Database\MySQLi\Connection.php(292): mysqli->query('DROP TABLE `cat...', 0)
#1 C:\xampp\htdocs\PAT_BAGINOTES\system\Database\BaseConnection.php(666): CodeIgniter\Database\MySQLi\Connection->execute('DROP TABLE `cat...')
#2 C:\xampp\htdocs\PAT_BAGINOTES\system\Database\BaseConnection.php(593): CodeIgniter\Database\BaseConnection->simpleQuery('DROP TABLE `cat...')
#3 C:\xampp\htdocs\PAT_BAGINOTES\system\Database\Forge.php(600): CodeIgniter\Database\BaseConnection->query('DROP TABLE `cat...')
#4 C:\xampp\htdocs\PAT_BAGINOTES\app\Database\Migrations\2022-12-23-201152_Catatan.php(37): CodeIgniter\Database\Forge->dropTable('catatan')
#5 C:\xampp\htdocs\PAT_BAGINOTES\system\Database\MigrationRunner.php(868): App\Database\Migrations\Catatan->down()
#6 C:\xampp\htdocs\PAT_BAGINOTES\system\Database\MigrationRunner.php(298): CodeIgniter\Database\MigrationRunner->migrate('down', Object(stdClass))
#7 C:\xampp\htdocs\PAT_BAGINOTES\system\Commands\Database\MigrateRollback.php(92): CodeIgniter\Database\MigrationRunner->regress(3)
#8 C:\xampp\htdocs\PAT_BAGINOTES\system\CLI\Commands.php(63): CodeIgniter\Commands\Database\MigrateRollback->run(Array)
#9 C:\xampp\htdocs\PAT_BAGINOTES\system\CLI\CommandRunner.php(65): CodeIgniter\CLI\Commands->run('migrate:rollbac...', Array)
#10 C:\xampp\htdocs\PAT_BAGINOTES\system\CLI\CommandRunner.php(51): CodeIgniter\CLI\CommandRunner->index(Array)
#11 C:\xampp\htdocs\PAT_BAGINOTES\system\CodeIgniter.php(920): CodeIgniter\CLI\CommandRunner->_remap('index', Array)
#12 C:\xampp\htdocs\PAT_BAGINOTES\system\CodeIgniter.php(482): CodeIgniter\CodeIgniter->runController(Object(CodeIgniter\CLI\CommandRunner))
#13 C:\xampp\htdocs\PAT_BAGINOTES\system\CodeIgniter.php(347): CodeIgniter\CodeIgniter->handleRequest(NULL, Object(Config\Cache), false)
#14 C:\xampp\htdocs\PAT_BAGINOTES\system\CLI\Console.php(48): CodeIgniter\CodeIgniter->run()
#15 C:\xampp\htdocs\PAT_BAGINOTES\spark(98): CodeIgniter\CLI\Console->run()
#16 {main}
ERROR - 2022-12-23 14:17:05 --> mysqli_sql_exception: Unknown table 'bagi_notes.catatan' in C:\xampp\htdocs\PAT_BAGINOTES\system\Database\MySQLi\Connection.php:292
Stack trace:
#0 C:\xampp\htdocs\PAT_BAGINOTES\system\Database\MySQLi\Connection.php(292): mysqli->query('DROP TABLE `cat...', 0)
#1 C:\xampp\htdocs\PAT_BAGINOTES\system\Database\BaseConnection.php(666): CodeIgniter\Database\MySQLi\Connection->execute('DROP TABLE `cat...')
#2 C:\xampp\htdocs\PAT_BAGINOTES\system\Database\BaseConnection.php(593): CodeIgniter\Database\BaseConnection->simpleQuery('DROP TABLE `cat...')
#3 C:\xampp\htdocs\PAT_BAGINOTES\system\Database\Forge.php(600): CodeIgniter\Database\BaseConnection->query('DROP TABLE `cat...')
#4 C:\xampp\htdocs\PAT_BAGINOTES\app\Database\Migrations\2022-12-23-201152_Catatan.php(37): CodeIgniter\Database\Forge->dropTable('catatan')
#5 C:\xampp\htdocs\PAT_BAGINOTES\system\Database\MigrationRunner.php(868): App\Database\Migrations\Catatan->down()
#6 C:\xampp\htdocs\PAT_BAGINOTES\system\Database\MigrationRunner.php(298): CodeIgniter\Database\MigrationRunner->migrate('down', Object(stdClass))
#7 C:\xampp\htdocs\PAT_BAGINOTES\system\Commands\Database\MigrateRollback.php(92): CodeIgniter\Database\MigrationRunner->regress(3)
#8 C:\xampp\htdocs\PAT_BAGINOTES\system\CLI\Commands.php(63): CodeIgniter\Commands\Database\MigrateRollback->run(Array)
#9 C:\xampp\htdocs\PAT_BAGINOTES\system\CLI\CommandRunner.php(65): CodeIgniter\CLI\Commands->run('migrate:rollbac...', Array)
#10 C:\xampp\htdocs\PAT_BAGINOTES\system\CLI\CommandRunner.php(51): CodeIgniter\CLI\CommandRunner->index(Array)
#11 C:\xampp\htdocs\PAT_BAGINOTES\system\CodeIgniter.php(920): CodeIgniter\CLI\CommandRunner->_remap('index', Array)
#12 C:\xampp\htdocs\PAT_BAGINOTES\system\CodeIgniter.php(482): CodeIgniter\CodeIgniter->runController(Object(CodeIgniter\CLI\CommandRunner))
#13 C:\xampp\htdocs\PAT_BAGINOTES\system\CodeIgniter.php(347): CodeIgniter\CodeIgniter->handleRequest(NULL, Object(Config\Cache), false)
#14 C:\xampp\htdocs\PAT_BAGINOTES\system\CLI\Console.php(48): CodeIgniter\CodeIgniter->run()
#15 C:\xampp\htdocs\PAT_BAGINOTES\spark(98): CodeIgniter\CLI\Console->run()
#16 {main}
ERROR - 2022-12-23 14:17:06 --> mysqli_sql_exception: Unknown table 'bagi_notes.catatan' in C:\xampp\htdocs\PAT_BAGINOTES\system\Database\MySQLi\Connection.php:292
Stack trace:
#0 C:\xampp\htdocs\PAT_BAGINOTES\system\Database\MySQLi\Connection.php(292): mysqli->query('DROP TABLE `cat...', 0)
#1 C:\xampp\htdocs\PAT_BAGINOTES\system\Database\BaseConnection.php(666): CodeIgniter\Database\MySQLi\Connection->execute('DROP TABLE `cat...')
#2 C:\xampp\htdocs\PAT_BAGINOTES\system\Database\BaseConnection.php(593): CodeIgniter\Database\BaseConnection->simpleQuery('DROP TABLE `cat...')
#3 C:\xampp\htdocs\PAT_BAGINOTES\system\Database\Forge.php(600): CodeIgniter\Database\BaseConnection->query('DROP TABLE `cat...')
#4 C:\xampp\htdocs\PAT_BAGINOTES\app\Database\Migrations\2022-12-23-201152_Catatan.php(37): CodeIgniter\Database\Forge->dropTable('catatan')
#5 C:\xampp\htdocs\PAT_BAGINOTES\system\Database\MigrationRunner.php(868): App\Database\Migrations\Catatan->down()
#6 C:\xampp\htdocs\PAT_BAGINOTES\system\Database\MigrationRunner.php(298): CodeIgniter\Database\MigrationRunner->migrate('down', Object(stdClass))
#7 C:\xampp\htdocs\PAT_BAGINOTES\system\Commands\Database\MigrateRollback.php(92): CodeIgniter\Database\MigrationRunner->regress(3)
#8 C:\xampp\htdocs\PAT_BAGINOTES\system\CLI\Commands.php(63): CodeIgniter\Commands\Database\MigrateRollback->run(Array)
#9 C:\xampp\htdocs\PAT_BAGINOTES\system\CLI\CommandRunner.php(65): CodeIgniter\CLI\Commands->run('migrate:rollbac...', Array)
#10 C:\xampp\htdocs\PAT_BAGINOTES\system\CLI\CommandRunner.php(51): CodeIgniter\CLI\CommandRunner->index(Array)
#11 C:\xampp\htdocs\PAT_BAGINOTES\system\CodeIgniter.php(920): CodeIgniter\CLI\CommandRunner->_remap('index', Array)
#12 C:\xampp\htdocs\PAT_BAGINOTES\system\CodeIgniter.php(482): CodeIgniter\CodeIgniter->runController(Object(CodeIgniter\CLI\CommandRunner))
#13 C:\xampp\htdocs\PAT_BAGINOTES\system\CodeIgniter.php(347): CodeIgniter\CodeIgniter->handleRequest(NULL, Object(Config\Cache), false)
#14 C:\xampp\htdocs\PAT_BAGINOTES\system\CLI\Console.php(48): CodeIgniter\CodeIgniter->run()
#15 C:\xampp\htdocs\PAT_BAGINOTES\spark(98): CodeIgniter\CLI\Console->run()
#16 {main}
ERROR - 2022-12-23 14:17:07 --> mysqli_sql_exception: Unknown table 'bagi_notes.catatan' in C:\xampp\htdocs\PAT_BAGINOTES\system\Database\MySQLi\Connection.php:292
Stack trace:
#0 C:\xampp\htdocs\PAT_BAGINOTES\system\Database\MySQLi\Connection.php(292): mysqli->query('DROP TABLE `cat...', 0)
#1 C:\xampp\htdocs\PAT_BAGINOTES\system\Database\BaseConnection.php(666): CodeIgniter\Database\MySQLi\Connection->execute('DROP TABLE `cat...')
#2 C:\xampp\htdocs\PAT_BAGINOTES\system\Database\BaseConnection.php(593): CodeIgniter\Database\BaseConnection->simpleQuery('DROP TABLE `cat...')
#3 C:\xampp\htdocs\PAT_BAGINOTES\system\Database\Forge.php(600): CodeIgniter\Database\BaseConnection->query('DROP TABLE `cat...')
#4 C:\xampp\htdocs\PAT_BAGINOTES\app\Database\Migrations\2022-12-23-201152_Catatan.php(37): CodeIgniter\Database\Forge->dropTable('catatan')
#5 C:\xampp\htdocs\PAT_BAGINOTES\system\Database\MigrationRunner.php(868): App\Database\Migrations\Catatan->down()
#6 C:\xampp\htdocs\PAT_BAGINOTES\system\Database\MigrationRunner.php(298): CodeIgniter\Database\MigrationRunner->migrate('down', Object(stdClass))
#7 C:\xampp\htdocs\PAT_BAGINOTES\system\Commands\Database\MigrateRollback.php(92): CodeIgniter\Database\MigrationRunner->regress(3)
#8 C:\xampp\htdocs\PAT_BAGINOTES\system\CLI\Commands.php(63): CodeIgniter\Commands\Database\MigrateRollback->run(Array)
#9 C:\xampp\htdocs\PAT_BAGINOTES\system\CLI\CommandRunner.php(65): CodeIgniter\CLI\Commands->run('migrate:rollbac...', Array)
#10 C:\xampp\htdocs\PAT_BAGINOTES\system\CLI\CommandRunner.php(51): CodeIgniter\CLI\CommandRunner->index(Array)
#11 C:\xampp\htdocs\PAT_BAGINOTES\system\CodeIgniter.php(920): CodeIgniter\CLI\CommandRunner->_remap('index', Array)
#12 C:\xampp\htdocs\PAT_BAGINOTES\system\CodeIgniter.php(482): CodeIgniter\CodeIgniter->runController(Object(CodeIgniter\CLI\CommandRunner))
#13 C:\xampp\htdocs\PAT_BAGINOTES\system\CodeIgniter.php(347): CodeIgniter\CodeIgniter->handleRequest(NULL, Object(Config\Cache), false)
#14 C:\xampp\htdocs\PAT_BAGINOTES\system\CLI\Console.php(48): CodeIgniter\CodeIgniter->run()
#15 C:\xampp\htdocs\PAT_BAGINOTES\spark(98): CodeIgniter\CLI\Console->run()
#16 {main}
ERROR - 2022-12-23 14:17:08 --> mysqli_sql_exception: Unknown table 'bagi_notes.catatan' in C:\xampp\htdocs\PAT_BAGINOTES\system\Database\MySQLi\Connection.php:292
Stack trace:
#0 C:\xampp\htdocs\PAT_BAGINOTES\system\Database\MySQLi\Connection.php(292): mysqli->query('DROP TABLE `cat...', 0)
#1 C:\xampp\htdocs\PAT_BAGINOTES\system\Database\BaseConnection.php(666): CodeIgniter\Database\MySQLi\Connection->execute('DROP TABLE `cat...')
#2 C:\xampp\htdocs\PAT_BAGINOTES\system\Database\BaseConnection.php(593): CodeIgniter\Database\BaseConnection->simpleQuery('DROP TABLE `cat...')
#3 C:\xampp\htdocs\PAT_BAGINOTES\system\Database\Forge.php(600): CodeIgniter\Database\BaseConnection->query('DROP TABLE `cat...')
#4 C:\xampp\htdocs\PAT_BAGINOTES\app\Database\Migrations\2022-12-23-201152_Catatan.php(37): CodeIgniter\Database\Forge->dropTable('catatan')
#5 C:\xampp\htdocs\PAT_BAGINOTES\system\Database\MigrationRunner.php(868): App\Database\Migrations\Catatan->down()
#6 C:\xampp\htdocs\PAT_BAGINOTES\system\Database\MigrationRunner.php(298): CodeIgniter\Database\MigrationRunner->migrate('down', Object(stdClass))
#7 C:\xampp\htdocs\PAT_BAGINOTES\system\Commands\Database\MigrateRollback.php(92): CodeIgniter\Database\MigrationRunner->regress(3)
#8 C:\xampp\htdocs\PAT_BAGINOTES\system\CLI\Commands.php(63): CodeIgniter\Commands\Database\MigrateRollback->run(Array)
#9 C:\xampp\htdocs\PAT_BAGINOTES\system\CLI\CommandRunner.php(65): CodeIgniter\CLI\Commands->run('migrate:rollbac...', Array)
#10 C:\xampp\htdocs\PAT_BAGINOTES\system\CLI\CommandRunner.php(51): CodeIgniter\CLI\CommandRunner->index(Array)
#11 C:\xampp\htdocs\PAT_BAGINOTES\system\CodeIgniter.php(920): CodeIgniter\CLI\CommandRunner->_remap('index', Array)
#12 C:\xampp\htdocs\PAT_BAGINOTES\system\CodeIgniter.php(482): CodeIgniter\CodeIgniter->runController(Object(CodeIgniter\CLI\CommandRunner))
#13 C:\xampp\htdocs\PAT_BAGINOTES\system\CodeIgniter.php(347): CodeIgniter\CodeIgniter->handleRequest(NULL, Object(Config\Cache), false)
#14 C:\xampp\htdocs\PAT_BAGINOTES\system\CLI\Console.php(48): CodeIgniter\CodeIgniter->run()
#15 C:\xampp\htdocs\PAT_BAGINOTES\spark(98): CodeIgniter\CLI\Console->run()
#16 {main}
ERROR - 2022-12-23 14:17:08 --> mysqli_sql_exception: Unknown table 'bagi_notes.catatan' in C:\xampp\htdocs\PAT_BAGINOTES\system\Database\MySQLi\Connection.php:292
Stack trace:
#0 C:\xampp\htdocs\PAT_BAGINOTES\system\Database\MySQLi\Connection.php(292): mysqli->query('DROP TABLE `cat...', 0)
#1 C:\xampp\htdocs\PAT_BAGINOTES\system\Database\BaseConnection.php(666): CodeIgniter\Database\MySQLi\Connection->execute('DROP TABLE `cat...')
#2 C:\xampp\htdocs\PAT_BAGINOTES\system\Database\BaseConnection.php(593): CodeIgniter\Database\BaseConnection->simpleQuery('DROP TABLE `cat...')
#3 C:\xampp\htdocs\PAT_BAGINOTES\system\Database\Forge.php(600): CodeIgniter\Database\BaseConnection->query('DROP TABLE `cat...')
#4 C:\xampp\htdocs\PAT_BAGINOTES\app\Database\Migrations\2022-12-23-201152_Catatan.php(37): CodeIgniter\Database\Forge->dropTable('catatan')
#5 C:\xampp\htdocs\PAT_BAGINOTES\system\Database\MigrationRunner.php(868): App\Database\Migrations\Catatan->down()
#6 C:\xampp\htdocs\PAT_BAGINOTES\system\Database\MigrationRunner.php(298): CodeIgniter\Database\MigrationRunner->migrate('down', Object(stdClass))
#7 C:\xampp\htdocs\PAT_BAGINOTES\system\Commands\Database\MigrateRollback.php(92): CodeIgniter\Database\MigrationRunner->regress(3)
#8 C:\xampp\htdocs\PAT_BAGINOTES\system\CLI\Commands.php(63): CodeIgniter\Commands\Database\MigrateRollback->run(Array)
#9 C:\xampp\htdocs\PAT_BAGINOTES\system\CLI\CommandRunner.php(65): CodeIgniter\CLI\Commands->run('migrate:rollbac...', Array)
#10 C:\xampp\htdocs\PAT_BAGINOTES\system\CLI\CommandRunner.php(51): CodeIgniter\CLI\CommandRunner->index(Array)
#11 C:\xampp\htdocs\PAT_BAGINOTES\system\CodeIgniter.php(920): CodeIgniter\CLI\CommandRunner->_remap('index', Array)
#12 C:\xampp\htdocs\PAT_BAGINOTES\system\CodeIgniter.php(482): CodeIgniter\CodeIgniter->runController(Object(CodeIgniter\CLI\CommandRunner))
#13 C:\xampp\htdocs\PAT_BAGINOTES\system\CodeIgniter.php(347): CodeIgniter\CodeIgniter->handleRequest(NULL, Object(Config\Cache), false)
#14 C:\xampp\htdocs\PAT_BAGINOTES\system\CLI\Console.php(48): CodeIgniter\CodeIgniter->run()
#15 C:\xampp\htdocs\PAT_BAGINOTES\spark(98): CodeIgniter\CLI\Console->run()
#16 {main}
ERROR - 2022-12-23 14:17:09 --> mysqli_sql_exception: Unknown table 'bagi_notes.catatan' in C:\xampp\htdocs\PAT_BAGINOTES\system\Database\MySQLi\Connection.php:292
Stack trace:
#0 C:\xampp\htdocs\PAT_BAGINOTES\system\Database\MySQLi\Connection.php(292): mysqli->query('DROP TABLE `cat...', 0)
#1 C:\xampp\htdocs\PAT_BAGINOTES\system\Database\BaseConnection.php(666): CodeIgniter\Database\MySQLi\Connection->execute('DROP TABLE `cat...')
#2 C:\xampp\htdocs\PAT_BAGINOTES\system\Database\BaseConnection.php(593): CodeIgniter\Database\BaseConnection->simpleQuery('DROP TABLE `cat...')
#3 C:\xampp\htdocs\PAT_BAGINOTES\system\Database\Forge.php(600): CodeIgniter\Database\BaseConnection->query('DROP TABLE `cat...')
#4 C:\xampp\htdocs\PAT_BAGINOTES\app\Database\Migrations\2022-12-23-201152_Catatan.php(37): CodeIgniter\Database\Forge->dropTable('catatan')
#5 C:\xampp\htdocs\PAT_BAGINOTES\system\Database\MigrationRunner.php(868): App\Database\Migrations\Catatan->down()
#6 C:\xampp\htdocs\PAT_BAGINOTES\system\Database\MigrationRunner.php(298): CodeIgniter\Database\MigrationRunner->migrate('down', Object(stdClass))
#7 C:\xampp\htdocs\PAT_BAGINOTES\system\Commands\Database\MigrateRollback.php(92): CodeIgniter\Database\MigrationRunner->regress(3)
#8 C:\xampp\htdocs\PAT_BAGINOTES\system\CLI\Commands.php(63): CodeIgniter\Commands\Database\MigrateRollback->run(Array)
#9 C:\xampp\htdocs\PAT_BAGINOTES\system\CLI\CommandRunner.php(65): CodeIgniter\CLI\Commands->run('migrate:rollbac...', Array)
#10 C:\xampp\htdocs\PAT_BAGINOTES\system\CLI\CommandRunner.php(51): CodeIgniter\CLI\CommandRunner->index(Array)
#11 C:\xampp\htdocs\PAT_BAGINOTES\system\CodeIgniter.php(920): CodeIgniter\CLI\CommandRunner->_remap('index', Array)
#12 C:\xampp\htdocs\PAT_BAGINOTES\system\CodeIgniter.php(482): CodeIgniter\CodeIgniter->runController(Object(CodeIgniter\CLI\CommandRunner))
#13 C:\xampp\htdocs\PAT_BAGINOTES\system\CodeIgniter.php(347): CodeIgniter\CodeIgniter->handleRequest(NULL, Object(Config\Cache), false)
#14 C:\xampp\htdocs\PAT_BAGINOTES\system\CLI\Console.php(48): CodeIgniter\CodeIgniter->run()
#15 C:\xampp\htdocs\PAT_BAGINOTES\spark(98): CodeIgniter\CLI\Console->run()
#16 {main}
ERROR - 2022-12-23 14:17:09 --> mysqli_sql_exception: Unknown table 'bagi_notes.catatan' in C:\xampp\htdocs\PAT_BAGINOTES\system\Database\MySQLi\Connection.php:292
Stack trace:
#0 C:\xampp\htdocs\PAT_BAGINOTES\system\Database\MySQLi\Connection.php(292): mysqli->query('DROP TABLE `cat...', 0)
#1 C:\xampp\htdocs\PAT_BAGINOTES\system\Database\BaseConnection.php(666): CodeIgniter\Database\MySQLi\Connection->execute('DROP TABLE `cat...')
#2 C:\xampp\htdocs\PAT_BAGINOTES\system\Database\BaseConnection.php(593): CodeIgniter\Database\BaseConnection->simpleQuery('DROP TABLE `cat...')
#3 C:\xampp\htdocs\PAT_BAGINOTES\system\Database\Forge.php(600): CodeIgniter\Database\BaseConnection->query('DROP TABLE `cat...')
#4 C:\xampp\htdocs\PAT_BAGINOTES\app\Database\Migrations\2022-12-23-201152_Catatan.php(37): CodeIgniter\Database\Forge->dropTable('catatan')
#5 C:\xampp\htdocs\PAT_BAGINOTES\system\Database\MigrationRunner.php(868): App\Database\Migrations\Catatan->down()
#6 C:\xampp\htdocs\PAT_BAGINOTES\system\Database\MigrationRunner.php(298): CodeIgniter\Database\MigrationRunner->migrate('down', Object(stdClass))
#7 C:\xampp\htdocs\PAT_BAGINOTES\system\Commands\Database\MigrateRollback.php(92): CodeIgniter\Database\MigrationRunner->regress(3)
#8 C:\xampp\htdocs\PAT_BAGINOTES\system\CLI\Commands.php(63): CodeIgniter\Commands\Database\MigrateRollback->run(Array)
#9 C:\xampp\htdocs\PAT_BAGINOTES\system\CLI\CommandRunner.php(65): CodeIgniter\CLI\Commands->run('migrate:rollbac...', Array)
#10 C:\xampp\htdocs\PAT_BAGINOTES\system\CLI\CommandRunner.php(51): CodeIgniter\CLI\CommandRunner->index(Array)
#11 C:\xampp\htdocs\PAT_BAGINOTES\system\CodeIgniter.php(920): CodeIgniter\CLI\CommandRunner->_remap('index', Array)
#12 C:\xampp\htdocs\PAT_BAGINOTES\system\CodeIgniter.php(482): CodeIgniter\CodeIgniter->runController(Object(CodeIgniter\CLI\CommandRunner))
#13 C:\xampp\htdocs\PAT_BAGINOTES\system\CodeIgniter.php(347): CodeIgniter\CodeIgniter->handleRequest(NULL, Object(Config\Cache), false)
#14 C:\xampp\htdocs\PAT_BAGINOTES\system\CLI\Console.php(48): CodeIgniter\CodeIgniter->run()
#15 C:\xampp\htdocs\PAT_BAGINOTES\spark(98): CodeIgniter\CLI\Console->run()
#16 {main}
ERROR - 2022-12-23 14:17:10 --> mysqli_sql_exception: Unknown table 'bagi_notes.catatan' in C:\xampp\htdocs\PAT_BAGINOTES\system\Database\MySQLi\Connection.php:292
Stack trace:
#0 C:\xampp\htdocs\PAT_BAGINOTES\system\Database\MySQLi\Connection.php(292): mysqli->query('DROP TABLE `cat...', 0)
#1 C:\xampp\htdocs\PAT_BAGINOTES\system\Database\BaseConnection.php(666): CodeIgniter\Database\MySQLi\Connection->execute('DROP TABLE `cat...')
#2 C:\xampp\htdocs\PAT_BAGINOTES\system\Database\BaseConnection.php(593): CodeIgniter\Database\BaseConnection->simpleQuery('DROP TABLE `cat...')
#3 C:\xampp\htdocs\PAT_BAGINOTES\system\Database\Forge.php(600): CodeIgniter\Database\BaseConnection->query('DROP TABLE `cat...')
#4 C:\xampp\htdocs\PAT_BAGINOTES\app\Database\Migrations\2022-12-23-201152_Catatan.php(37): CodeIgniter\Database\Forge->dropTable('catatan')
#5 C:\xampp\htdocs\PAT_BAGINOTES\system\Database\MigrationRunner.php(868): App\Database\Migrations\Catatan->down()
#6 C:\xampp\htdocs\PAT_BAGINOTES\system\Database\MigrationRunner.php(298): CodeIgniter\Database\MigrationRunner->migrate('down', Object(stdClass))
#7 C:\xampp\htdocs\PAT_BAGINOTES\system\Commands\Database\MigrateRollback.php(92): CodeIgniter\Database\MigrationRunner->regress(3)
#8 C:\xampp\htdocs\PAT_BAGINOTES\system\CLI\Commands.php(63): CodeIgniter\Commands\Database\MigrateRollback->run(Array)
#9 C:\xampp\htdocs\PAT_BAGINOTES\system\CLI\CommandRunner.php(65): CodeIgniter\CLI\Commands->run('migrate:rollbac...', Array)
#10 C:\xampp\htdocs\PAT_BAGINOTES\system\CLI\CommandRunner.php(51): CodeIgniter\CLI\CommandRunner->index(Array)
#11 C:\xampp\htdocs\PAT_BAGINOTES\system\CodeIgniter.php(920): CodeIgniter\CLI\CommandRunner->_remap('index', Array)
#12 C:\xampp\htdocs\PAT_BAGINOTES\system\CodeIgniter.php(482): CodeIgniter\CodeIgniter->runController(Object(CodeIgniter\CLI\CommandRunner))
#13 C:\xampp\htdocs\PAT_BAGINOTES\system\CodeIgniter.php(347): CodeIgniter\CodeIgniter->handleRequest(NULL, Object(Config\Cache), false)
#14 C:\xampp\htdocs\PAT_BAGINOTES\system\CLI\Console.php(48): CodeIgniter\CodeIgniter->run()
#15 C:\xampp\htdocs\PAT_BAGINOTES\spark(98): CodeIgniter\CLI\Console->run()
#16 {main}
ERROR - 2022-12-23 14:17:10 --> mysqli_sql_exception: Unknown table 'bagi_notes.catatan' in C:\xampp\htdocs\PAT_BAGINOTES\system\Database\MySQLi\Connection.php:292
Stack trace:
#0 C:\xampp\htdocs\PAT_BAGINOTES\system\Database\MySQLi\Connection.php(292): mysqli->query('DROP TABLE `cat...', 0)
#1 C:\xampp\htdocs\PAT_BAGINOTES\system\Database\BaseConnection.php(666): CodeIgniter\Database\MySQLi\Connection->execute('DROP TABLE `cat...')
#2 C:\xampp\htdocs\PAT_BAGINOTES\system\Database\BaseConnection.php(593): CodeIgniter\Database\BaseConnection->simpleQuery('DROP TABLE `cat...')
#3 C:\xampp\htdocs\PAT_BAGINOTES\system\Database\Forge.php(600): CodeIgniter\Database\BaseConnection->query('DROP TABLE `cat...')
#4 C:\xampp\htdocs\PAT_BAGINOTES\app\Database\Migrations\2022-12-23-201152_Catatan.php(37): CodeIgniter\Database\Forge->dropTable('catatan')
#5 C:\xampp\htdocs\PAT_BAGINOTES\system\Database\MigrationRunner.php(868): App\Database\Migrations\Catatan->down()
#6 C:\xampp\htdocs\PAT_BAGINOTES\system\Database\MigrationRunner.php(298): CodeIgniter\Database\MigrationRunner->migrate('down', Object(stdClass))
#7 C:\xampp\htdocs\PAT_BAGINOTES\system\Commands\Database\MigrateRollback.php(92): CodeIgniter\Database\MigrationRunner->regress(3)
#8 C:\xampp\htdocs\PAT_BAGINOTES\system\CLI\Commands.php(63): CodeIgniter\Commands\Database\MigrateRollback->run(Array)
#9 C:\xampp\htdocs\PAT_BAGINOTES\system\CLI\CommandRunner.php(65): CodeIgniter\CLI\Commands->run('migrate:rollbac...', Array)
#10 C:\xampp\htdocs\PAT_BAGINOTES\system\CLI\CommandRunner.php(51): CodeIgniter\CLI\CommandRunner->index(Array)
#11 C:\xampp\htdocs\PAT_BAGINOTES\system\CodeIgniter.php(920): CodeIgniter\CLI\CommandRunner->_remap('index', Array)
#12 C:\xampp\htdocs\PAT_BAGINOTES\system\CodeIgniter.php(482): CodeIgniter\CodeIgniter->runController(Object(CodeIgniter\CLI\CommandRunner))
#13 C:\xampp\htdocs\PAT_BAGINOTES\system\CodeIgniter.php(347): CodeIgniter\CodeIgniter->handleRequest(NULL, Object(Config\Cache), false)
#14 C:\xampp\htdocs\PAT_BAGINOTES\system\CLI\Console.php(48): CodeIgniter\CodeIgniter->run()
#15 C:\xampp\htdocs\PAT_BAGINOTES\spark(98): CodeIgniter\CLI\Console->run()
#16 {main}
ERROR - 2022-12-23 14:17:10 --> mysqli_sql_exception: Unknown table 'bagi_notes.catatan' in C:\xampp\htdocs\PAT_BAGINOTES\system\Database\MySQLi\Connection.php:292
Stack trace:
#0 C:\xampp\htdocs\PAT_BAGINOTES\system\Database\MySQLi\Connection.php(292): mysqli->query('DROP TABLE `cat...', 0)
#1 C:\xampp\htdocs\PAT_BAGINOTES\system\Database\BaseConnection.php(666): CodeIgniter\Database\MySQLi\Connection->execute('DROP TABLE `cat...')
#2 C:\xampp\htdocs\PAT_BAGINOTES\system\Database\BaseConnection.php(593): CodeIgniter\Database\BaseConnection->simpleQuery('DROP TABLE `cat...')
#3 C:\xampp\htdocs\PAT_BAGINOTES\system\Database\Forge.php(600): CodeIgniter\Database\BaseConnection->query('DROP TABLE `cat...')
#4 C:\xampp\htdocs\PAT_BAGINOTES\app\Database\Migrations\2022-12-23-201152_Catatan.php(37): CodeIgniter\Database\Forge->dropTable('catatan')
#5 C:\xampp\htdocs\PAT_BAGINOTES\system\Database\MigrationRunner.php(868): App\Database\Migrations\Catatan->down()
#6 C:\xampp\htdocs\PAT_BAGINOTES\system\Database\MigrationRunner.php(298): CodeIgniter\Database\MigrationRunner->migrate('down', Object(stdClass))
#7 C:\xampp\htdocs\PAT_BAGINOTES\system\Commands\Database\MigrateRollback.php(92): CodeIgniter\Database\MigrationRunner->regress(3)
#8 C:\xampp\htdocs\PAT_BAGINOTES\system\CLI\Commands.php(63): CodeIgniter\Commands\Database\MigrateRollback->run(Array)
#9 C:\xampp\htdocs\PAT_BAGINOTES\system\CLI\CommandRunner.php(65): CodeIgniter\CLI\Commands->run('migrate:rollbac...', Array)
#10 C:\xampp\htdocs\PAT_BAGINOTES\system\CLI\CommandRunner.php(51): CodeIgniter\CLI\CommandRunner->index(Array)
#11 C:\xampp\htdocs\PAT_BAGINOTES\system\CodeIgniter.php(920): CodeIgniter\CLI\CommandRunner->_remap('index', Array)
#12 C:\xampp\htdocs\PAT_BAGINOTES\system\CodeIgniter.php(482): CodeIgniter\CodeIgniter->runController(Object(CodeIgniter\CLI\CommandRunner))
#13 C:\xampp\htdocs\PAT_BAGINOTES\system\CodeIgniter.php(347): CodeIgniter\CodeIgniter->handleRequest(NULL, Object(Config\Cache), false)
#14 C:\xampp\htdocs\PAT_BAGINOTES\system\CLI\Console.php(48): CodeIgniter\CodeIgniter->run()
#15 C:\xampp\htdocs\PAT_BAGINOTES\spark(98): CodeIgniter\CLI\Console->run()
#16 {main}
ERROR - 2022-12-23 14:17:11 --> mysqli_sql_exception: Unknown table 'bagi_notes.catatan' in C:\xampp\htdocs\PAT_BAGINOTES\system\Database\MySQLi\Connection.php:292
Stack trace:
#0 C:\xampp\htdocs\PAT_BAGINOTES\system\Database\MySQLi\Connection.php(292): mysqli->query('DROP TABLE `cat...', 0)
#1 C:\xampp\htdocs\PAT_BAGINOTES\system\Database\BaseConnection.php(666): CodeIgniter\Database\MySQLi\Connection->execute('DROP TABLE `cat...')
#2 C:\xampp\htdocs\PAT_BAGINOTES\system\Database\BaseConnection.php(593): CodeIgniter\Database\BaseConnection->simpleQuery('DROP TABLE `cat...')
#3 C:\xampp\htdocs\PAT_BAGINOTES\system\Database\Forge.php(600): CodeIgniter\Database\BaseConnection->query('DROP TABLE `cat...')
#4 C:\xampp\htdocs\PAT_BAGINOTES\app\Database\Migrations\2022-12-23-201152_Catatan.php(37): CodeIgniter\Database\Forge->dropTable('catatan')
#5 C:\xampp\htdocs\PAT_BAGINOTES\system\Database\MigrationRunner.php(868): App\Database\Migrations\Catatan->down()
#6 C:\xampp\htdocs\PAT_BAGINOTES\system\Database\MigrationRunner.php(298): CodeIgniter\Database\MigrationRunner->migrate('down', Object(stdClass))
#7 C:\xampp\htdocs\PAT_BAGINOTES\system\Commands\Database\MigrateRollback.php(92): CodeIgniter\Database\MigrationRunner->regress(3)
#8 C:\xampp\htdocs\PAT_BAGINOTES\system\CLI\Commands.php(63): CodeIgniter\Commands\Database\MigrateRollback->run(Array)
#9 C:\xampp\htdocs\PAT_BAGINOTES\system\CLI\CommandRunner.php(65): CodeIgniter\CLI\Commands->run('migrate:rollbac...', Array)
#10 C:\xampp\htdocs\PAT_BAGINOTES\system\CLI\CommandRunner.php(51): CodeIgniter\CLI\CommandRunner->index(Array)
#11 C:\xampp\htdocs\PAT_BAGINOTES\system\CodeIgniter.php(920): CodeIgniter\CLI\CommandRunner->_remap('index', Array)
#12 C:\xampp\htdocs\PAT_BAGINOTES\system\CodeIgniter.php(482): CodeIgniter\CodeIgniter->runController(Object(CodeIgniter\CLI\CommandRunner))
#13 C:\xampp\htdocs\PAT_BAGINOTES\system\CodeIgniter.php(347): CodeIgniter\CodeIgniter->handleRequest(NULL, Object(Config\Cache), false)
#14 C:\xampp\htdocs\PAT_BAGINOTES\system\CLI\Console.php(48): CodeIgniter\CodeIgniter->run()
#15 C:\xampp\htdocs\PAT_BAGINOTES\spark(98): CodeIgniter\CLI\Console->run()
#16 {main}
ERROR - 2022-12-23 14:17:11 --> mysqli_sql_exception: Unknown table 'bagi_notes.catatan' in C:\xampp\htdocs\PAT_BAGINOTES\system\Database\MySQLi\Connection.php:292
Stack trace:
#0 C:\xampp\htdocs\PAT_BAGINOTES\system\Database\MySQLi\Connection.php(292): mysqli->query('DROP TABLE `cat...', 0)
#1 C:\xampp\htdocs\PAT_BAGINOTES\system\Database\BaseConnection.php(666): CodeIgniter\Database\MySQLi\Connection->execute('DROP TABLE `cat...')
#2 C:\xampp\htdocs\PAT_BAGINOTES\system\Database\BaseConnection.php(593): CodeIgniter\Database\BaseConnection->simpleQuery('DROP TABLE `cat...')
#3 C:\xampp\htdocs\PAT_BAGINOTES\system\Database\Forge.php(600): CodeIgniter\Database\BaseConnection->query('DROP TABLE `cat...')
#4 C:\xampp\htdocs\PAT_BAGINOTES\app\Database\Migrations\2022-12-23-201152_Catatan.php(37): CodeIgniter\Database\Forge->dropTable('catatan')
#5 C:\xampp\htdocs\PAT_BAGINOTES\system\Database\MigrationRunner.php(868): App\Database\Migrations\Catatan->down()
#6 C:\xampp\htdocs\PAT_BAGINOTES\system\Database\MigrationRunner.php(298): CodeIgniter\Database\MigrationRunner->migrate('down', Object(stdClass))
#7 C:\xampp\htdocs\PAT_BAGINOTES\system\Commands\Database\MigrateRollback.php(92): CodeIgniter\Database\MigrationRunner->regress(3)
#8 C:\xampp\htdocs\PAT_BAGINOTES\system\CLI\Commands.php(63): CodeIgniter\Commands\Database\MigrateRollback->run(Array)
#9 C:\xampp\htdocs\PAT_BAGINOTES\system\CLI\CommandRunner.php(65): CodeIgniter\CLI\Commands->run('migrate:rollbac...', Array)
#10 C:\xampp\htdocs\PAT_BAGINOTES\system\CLI\CommandRunner.php(51): CodeIgniter\CLI\CommandRunner->index(Array)
#11 C:\xampp\htdocs\PAT_BAGINOTES\system\CodeIgniter.php(920): CodeIgniter\CLI\CommandRunner->_remap('index', Array)
#12 C:\xampp\htdocs\PAT_BAGINOTES\system\CodeIgniter.php(482): CodeIgniter\CodeIgniter->runController(Object(CodeIgniter\CLI\CommandRunner))
#13 C:\xampp\htdocs\PAT_BAGINOTES\system\CodeIgniter.php(347): CodeIgniter\CodeIgniter->handleRequest(NULL, Object(Config\Cache), false)
#14 C:\xampp\htdocs\PAT_BAGINOTES\system\CLI\Console.php(48): CodeIgniter\CodeIgniter->run()
#15 C:\xampp\htdocs\PAT_BAGINOTES\spark(98): CodeIgniter\CLI\Console->run()
#16 {main}
ERROR - 2022-12-23 14:17:12 --> mysqli_sql_exception: Unknown table 'bagi_notes.catatan' in C:\xampp\htdocs\PAT_BAGINOTES\system\Database\MySQLi\Connection.php:292
Stack trace:
#0 C:\xampp\htdocs\PAT_BAGINOTES\system\Database\MySQLi\Connection.php(292): mysqli->query('DROP TABLE `cat...', 0)
#1 C:\xampp\htdocs\PAT_BAGINOTES\system\Database\BaseConnection.php(666): CodeIgniter\Database\MySQLi\Connection->execute('DROP TABLE `cat...')
#2 C:\xampp\htdocs\PAT_BAGINOTES\system\Database\BaseConnection.php(593): CodeIgniter\Database\BaseConnection->simpleQuery('DROP TABLE `cat...')
#3 C:\xampp\htdocs\PAT_BAGINOTES\system\Database\Forge.php(600): CodeIgniter\Database\BaseConnection->query('DROP TABLE `cat...')
#4 C:\xampp\htdocs\PAT_BAGINOTES\app\Database\Migrations\2022-12-23-201152_Catatan.php(37): CodeIgniter\Database\Forge->dropTable('catatan')
#5 C:\xampp\htdocs\PAT_BAGINOTES\system\Database\MigrationRunner.php(868): App\Database\Migrations\Catatan->down()
#6 C:\xampp\htdocs\PAT_BAGINOTES\system\Database\MigrationRunner.php(298): CodeIgniter\Database\MigrationRunner->migrate('down', Object(stdClass))
#7 C:\xampp\htdocs\PAT_BAGINOTES\system\Commands\Database\MigrateRollback.php(92): CodeIgniter\Database\MigrationRunner->regress(3)
#8 C:\xampp\htdocs\PAT_BAGINOTES\system\CLI\Commands.php(63): CodeIgniter\Commands\Database\MigrateRollback->run(Array)
#9 C:\xampp\htdocs\PAT_BAGINOTES\system\CLI\CommandRunner.php(65): CodeIgniter\CLI\Commands->run('migrate:rollbac...', Array)
#10 C:\xampp\htdocs\PAT_BAGINOTES\system\CLI\CommandRunner.php(51): CodeIgniter\CLI\CommandRunner->index(Array)
#11 C:\xampp\htdocs\PAT_BAGINOTES\system\CodeIgniter.php(920): CodeIgniter\CLI\CommandRunner->_remap('index', Array)
#12 C:\xampp\htdocs\PAT_BAGINOTES\system\CodeIgniter.php(482): CodeIgniter\CodeIgniter->runController(Object(CodeIgniter\CLI\CommandRunner))
#13 C:\xampp\htdocs\PAT_BAGINOTES\system\CodeIgniter.php(347): CodeIgniter\CodeIgniter->handleRequest(NULL, Object(Config\Cache), false)
#14 C:\xampp\htdocs\PAT_BAGINOTES\system\CLI\Console.php(48): CodeIgniter\CodeIgniter->run()
#15 C:\xampp\htdocs\PAT_BAGINOTES\spark(98): CodeIgniter\CLI\Console->run()
#16 {main}
ERROR - 2022-12-23 14:17:12 --> mysqli_sql_exception: Unknown table 'bagi_notes.catatan' in C:\xampp\htdocs\PAT_BAGINOTES\system\Database\MySQLi\Connection.php:292
Stack trace:
#0 C:\xampp\htdocs\PAT_BAGINOTES\system\Database\MySQLi\Connection.php(292): mysqli->query('DROP TABLE `cat...', 0)
#1 C:\xampp\htdocs\PAT_BAGINOTES\system\Database\BaseConnection.php(666): CodeIgniter\Database\MySQLi\Connection->execute('DROP TABLE `cat...')
#2 C:\xampp\htdocs\PAT_BAGINOTES\system\Database\BaseConnection.php(593): CodeIgniter\Database\BaseConnection->simpleQuery('DROP TABLE `cat...')
#3 C:\xampp\htdocs\PAT_BAGINOTES\system\Database\Forge.php(600): CodeIgniter\Database\BaseConnection->query('DROP TABLE `cat...')
#4 C:\xampp\htdocs\PAT_BAGINOTES\app\Database\Migrations\2022-12-23-201152_Catatan.php(37): CodeIgniter\Database\Forge->dropTable('catatan')
#5 C:\xampp\htdocs\PAT_BAGINOTES\system\Database\MigrationRunner.php(868): App\Database\Migrations\Catatan->down()
#6 C:\xampp\htdocs\PAT_BAGINOTES\system\Database\MigrationRunner.php(298): CodeIgniter\Database\MigrationRunner->migrate('down', Object(stdClass))
#7 C:\xampp\htdocs\PAT_BAGINOTES\system\Commands\Database\MigrateRollback.php(92): CodeIgniter\Database\MigrationRunner->regress(3)
#8 C:\xampp\htdocs\PAT_BAGINOTES\system\CLI\Commands.php(63): CodeIgniter\Commands\Database\MigrateRollback->run(Array)
#9 C:\xampp\htdocs\PAT_BAGINOTES\system\CLI\CommandRunner.php(65): CodeIgniter\CLI\Commands->run('migrate:rollbac...', Array)
#10 C:\xampp\htdocs\PAT_BAGINOTES\system\CLI\CommandRunner.php(51): CodeIgniter\CLI\CommandRunner->index(Array)
#11 C:\xampp\htdocs\PAT_BAGINOTES\system\CodeIgniter.php(920): CodeIgniter\CLI\CommandRunner->_remap('index', Array)
#12 C:\xampp\htdocs\PAT_BAGINOTES\system\CodeIgniter.php(482): CodeIgniter\CodeIgniter->runController(Object(CodeIgniter\CLI\CommandRunner))
#13 C:\xampp\htdocs\PAT_BAGINOTES\system\CodeIgniter.php(347): CodeIgniter\CodeIgniter->handleRequest(NULL, Object(Config\Cache), false)
#14 C:\xampp\htdocs\PAT_BAGINOTES\system\CLI\Console.php(48): CodeIgniter\CodeIgniter->run()
#15 C:\xampp\htdocs\PAT_BAGINOTES\spark(98): CodeIgniter\CLI\Console->run()
#16 {main}
ERROR - 2022-12-23 14:17:12 --> mysqli_sql_exception: Unknown table 'bagi_notes.catatan' in C:\xampp\htdocs\PAT_BAGINOTES\system\Database\MySQLi\Connection.php:292
Stack trace:
#0 C:\xampp\htdocs\PAT_BAGINOTES\system\Database\MySQLi\Connection.php(292): mysqli->query('DROP TABLE `cat...', 0)
#1 C:\xampp\htdocs\PAT_BAGINOTES\system\Database\BaseConnection.php(666): CodeIgniter\Database\MySQLi\Connection->execute('DROP TABLE `cat...')
#2 C:\xampp\htdocs\PAT_BAGINOTES\system\Database\BaseConnection.php(593): CodeIgniter\Database\BaseConnection->simpleQuery('DROP TABLE `cat...')
#3 C:\xampp\htdocs\PAT_BAGINOTES\system\Database\Forge.php(600): CodeIgniter\Database\BaseConnection->query('DROP TABLE `cat...')
#4 C:\xampp\htdocs\PAT_BAGINOTES\app\Database\Migrations\2022-12-23-201152_Catatan.php(37): CodeIgniter\Database\Forge->dropTable('catatan')
#5 C:\xampp\htdocs\PAT_BAGINOTES\system\Database\MigrationRunner.php(868): App\Database\Migrations\Catatan->down()
#6 C:\xampp\htdocs\PAT_BAGINOTES\system\Database\MigrationRunner.php(298): CodeIgniter\Database\MigrationRunner->migrate('down', Object(stdClass))
#7 C:\xampp\htdocs\PAT_BAGINOTES\system\Commands\Database\MigrateRollback.php(92): CodeIgniter\Database\MigrationRunner->regress(3)
#8 C:\xampp\htdocs\PAT_BAGINOTES\system\CLI\Commands.php(63): CodeIgniter\Commands\Database\MigrateRollback->run(Array)
#9 C:\xampp\htdocs\PAT_BAGINOTES\system\CLI\CommandRunner.php(65): CodeIgniter\CLI\Commands->run('migrate:rollbac...', Array)
#10 C:\xampp\htdocs\PAT_BAGINOTES\system\CLI\CommandRunner.php(51): CodeIgniter\CLI\CommandRunner->index(Array)
#11 C:\xampp\htdocs\PAT_BAGINOTES\system\CodeIgniter.php(920): CodeIgniter\CLI\CommandRunner->_remap('index', Array)
#12 C:\xampp\htdocs\PAT_BAGINOTES\system\CodeIgniter.php(482): CodeIgniter\CodeIgniter->runController(Object(CodeIgniter\CLI\CommandRunner))
#13 C:\xampp\htdocs\PAT_BAGINOTES\system\CodeIgniter.php(347): CodeIgniter\CodeIgniter->handleRequest(NULL, Object(Config\Cache), false)
#14 C:\xampp\htdocs\PAT_BAGINOTES\system\CLI\Console.php(48): CodeIgniter\CodeIgniter->run()
#15 C:\xampp\htdocs\PAT_BAGINOTES\spark(98): CodeIgniter\CLI\Console->run()
#16 {main}
ERROR - 2022-12-23 14:17:13 --> mysqli_sql_exception: Unknown table 'bagi_notes.catatan' in C:\xampp\htdocs\PAT_BAGINOTES\system\Database\MySQLi\Connection.php:292
Stack trace:
#0 C:\xampp\htdocs\PAT_BAGINOTES\system\Database\MySQLi\Connection.php(292): mysqli->query('DROP TABLE `cat...', 0)
#1 C:\xampp\htdocs\PAT_BAGINOTES\system\Database\BaseConnection.php(666): CodeIgniter\Database\MySQLi\Connection->execute('DROP TABLE `cat...')
#2 C:\xampp\htdocs\PAT_BAGINOTES\system\Database\BaseConnection.php(593): CodeIgniter\Database\BaseConnection->simpleQuery('DROP TABLE `cat...')
#3 C:\xampp\htdocs\PAT_BAGINOTES\system\Database\Forge.php(600): CodeIgniter\Database\BaseConnection->query('DROP TABLE `cat...')
#4 C:\xampp\htdocs\PAT_BAGINOTES\app\Database\Migrations\2022-12-23-201152_Catatan.php(37): CodeIgniter\Database\Forge->dropTable('catatan')
#5 C:\xampp\htdocs\PAT_BAGINOTES\system\Database\MigrationRunner.php(868): App\Database\Migrations\Catatan->down()
#6 C:\xampp\htdocs\PAT_BAGINOTES\system\Database\MigrationRunner.php(298): CodeIgniter\Database\MigrationRunner->migrate('down', Object(stdClass))
#7 C:\xampp\htdocs\PAT_BAGINOTES\system\Commands\Database\MigrateRollback.php(92): CodeIgniter\Database\MigrationRunner->regress(3)
#8 C:\xampp\htdocs\PAT_BAGINOTES\system\CLI\Commands.php(63): CodeIgniter\Commands\Database\MigrateRollback->run(Array)
#9 C:\xampp\htdocs\PAT_BAGINOTES\system\CLI\CommandRunner.php(65): CodeIgniter\CLI\Commands->run('migrate:rollbac...', Array)
#10 C:\xampp\htdocs\PAT_BAGINOTES\system\CLI\CommandRunner.php(51): CodeIgniter\CLI\CommandRunner->index(Array)
#11 C:\xampp\htdocs\PAT_BAGINOTES\system\CodeIgniter.php(920): CodeIgniter\CLI\CommandRunner->_remap('index', Array)
#12 C:\xampp\htdocs\PAT_BAGINOTES\system\CodeIgniter.php(482): CodeIgniter\CodeIgniter->runController(Object(CodeIgniter\CLI\CommandRunner))
#13 C:\xampp\htdocs\PAT_BAGINOTES\system\CodeIgniter.php(347): CodeIgniter\CodeIgniter->handleRequest(NULL, Object(Config\Cache), false)
#14 C:\xampp\htdocs\PAT_BAGINOTES\system\CLI\Console.php(48): CodeIgniter\CodeIgniter->run()
#15 C:\xampp\htdocs\PAT_BAGINOTES\spark(98): CodeIgniter\CLI\Console->run()
#16 {main}
CRITICAL - 2022-12-23 14:19:22 --> Undefined variable $db
in APPPATH\Views\dashboard\Catatansaya.php on line 30.
 1 APPPATH\Views\dashboard\Catatansaya.php(30): CodeIgniter\Debug\Exceptions->errorHandler(2, 'Undefined variable $db', 'APPPATH\\Views\\dashboard\\Catatansaya.php', 30)
 2 SYSTEMPATH\View\View.php(213): include('APPPATH\\Views\\dashboard\\Catatansaya.php')
 3 SYSTEMPATH\View\View.php(216): CodeIgniter\View\View->CodeIgniter\View\{closure}()
 4 SYSTEMPATH\Common.php(1134): CodeIgniter\View\View->render('dashboard/Catatansaya', [], true)
 5 APPPATH\Controllers\UserController.php(31): view('dashboard/Catatansaya', [...])
 6 SYSTEMPATH\CodeIgniter.php(927): App\Controllers\UserController->catatansaya()
 7 SYSTEMPATH\CodeIgniter.php(482): CodeIgniter\CodeIgniter->runController(Object(App\Controllers\UserController))
 8 SYSTEMPATH\CodeIgniter.php(351): CodeIgniter\CodeIgniter->handleRequest(null, Object(Config\Cache), false)
 9 FCPATH\index.php(67): CodeIgniter\CodeIgniter->run()
10 SYSTEMPATH\Commands\Server\rewrite.php(46): require_once('FCPATH\\index.php')
CRITICAL - 2022-12-23 14:27:53 --> Cannot declare class App\Database\Migrations\Catatan, because the name is already in use
in APPPATH\Database\Migrations\2022-12-23-202656_Catatan.php on line 7.
 1 [internal function]: CodeIgniter\Debug\Exceptions->shutdownHandler()
CRITICAL - 2022-12-23 14:34:03 --> Undefined variable $catatan
in APPPATH\Views\dashboard\Catatansaya.php on line 29.
 1 APPPATH\Views\dashboard\Catatansaya.php(29): CodeIgniter\Debug\Exceptions->errorHandler(2, 'Undefined variable $catatan', 'APPPATH\\Views\\dashboard\\Catatansaya.php', 29)
 2 SYSTEMPATH\View\View.php(213): include('APPPATH\\Views\\dashboard\\Catatansaya.php')
 3 SYSTEMPATH\View\View.php(216): CodeIgniter\View\View->CodeIgniter\View\{closure}()
 4 SYSTEMPATH\Common.php(1134): CodeIgniter\View\View->render('dashboard/Catatansaya', [], true)
 5 APPPATH\Controllers\UserController.php(31): view('dashboard/Catatansaya', [...])
 6 SYSTEMPATH\CodeIgniter.php(927): App\Controllers\UserController->catatansaya()
 7 SYSTEMPATH\CodeIgniter.php(482): CodeIgniter\CodeIgniter->runController(Object(App\Controllers\UserController))
 8 SYSTEMPATH\CodeIgniter.php(351): CodeIgniter\CodeIgniter->handleRequest(null, Object(Config\Cache), false)
 9 FCPATH\index.php(67): CodeIgniter\CodeIgniter->run()
10 SYSTEMPATH\Commands\Server\rewrite.php(46): require_once('FCPATH\\index.php')
CRITICAL - 2022-12-23 14:35:55 --> Undefined variable $catatan
in APPPATH\Views\dashboard\Catatansaya.php on line 29.
 1 APPPATH\Views\dashboard\Catatansaya.php(29): CodeIgniter\Debug\Exceptions->errorHandler(2, 'Undefined variable $catatan', 'APPPATH\\Views\\dashboard\\Catatansaya.php', 29)
 2 SYSTEMPATH\View\View.php(213): include('APPPATH\\Views\\dashboard\\Catatansaya.php')
 3 SYSTEMPATH\View\View.php(216): CodeIgniter\View\View->CodeIgniter\View\{closure}()
 4 SYSTEMPATH\Common.php(1134): CodeIgniter\View\View->render('dashboard/Catatansaya', [], true)
 5 APPPATH\Controllers\UserController.php(31): view('dashboard/Catatansaya', [...])
 6 SYSTEMPATH\CodeIgniter.php(927): App\Controllers\UserController->catatansaya()
 7 SYSTEMPATH\CodeIgniter.php(482): CodeIgniter\CodeIgniter->runController(Object(App\Controllers\UserController))
 8 SYSTEMPATH\CodeIgniter.php(351): CodeIgniter\CodeIgniter->handleRequest(null, Object(Config\Cache), false)
 9 FCPATH\index.php(67): CodeIgniter\CodeIgniter->run()
10 SYSTEMPATH\Commands\Server\rewrite.php(46): require_once('FCPATH\\index.php')
CRITICAL - 2022-12-23 14:35:57 --> Undefined variable $catatan
in APPPATH\Views\dashboard\Catatansaya.php on line 29.
 1 APPPATH\Views\dashboard\Catatansaya.php(29): CodeIgniter\Debug\Exceptions->errorHandler(2, 'Undefined variable $catatan', 'APPPATH\\Views\\dashboard\\Catatansaya.php', 29)
 2 SYSTEMPATH\View\View.php(213): include('APPPATH\\Views\\dashboard\\Catatansaya.php')
 3 SYSTEMPATH\View\View.php(216): CodeIgniter\View\View->CodeIgniter\View\{closure}()
 4 SYSTEMPATH\Common.php(1134): CodeIgniter\View\View->render('dashboard/Catatansaya', [], true)
 5 APPPATH\Controllers\UserController.php(31): view('dashboard/Catatansaya', [...])
 6 SYSTEMPATH\CodeIgniter.php(927): App\Controllers\UserController->catatansaya()
 7 SYSTEMPATH\CodeIgniter.php(482): CodeIgniter\CodeIgniter->runController(Object(App\Controllers\UserController))
 8 SYSTEMPATH\CodeIgniter.php(351): CodeIgniter\CodeIgniter->handleRequest(null, Object(Config\Cache), false)
 9 FCPATH\index.php(67): CodeIgniter\CodeIgniter->run()
10 SYSTEMPATH\Commands\Server\rewrite.php(46): require_once('FCPATH\\index.php')
CRITICAL - 2022-12-23 14:44:00 --> Undefined variable $catatan
in APPPATH\Views\dashboard\Catatansaya.php on line 29.
 1 APPPATH\Views\dashboard\Catatansaya.php(29): CodeIgniter\Debug\Exceptions->errorHandler(2, 'Undefined variable $catatan', 'APPPATH\\Views\\dashboard\\Catatansaya.php', 29)
 2 SYSTEMPATH\View\View.php(213): include('APPPATH\\Views\\dashboard\\Catatansaya.php')
 3 SYSTEMPATH\View\View.php(216): CodeIgniter\View\View->CodeIgniter\View\{closure}()
 4 SYSTEMPATH\Common.php(1134): CodeIgniter\View\View->render('dashboard/Catatansaya', [], true)
 5 APPPATH\Controllers\UserController.php(31): view('dashboard/Catatansaya', [...])
 6 SYSTEMPATH\CodeIgniter.php(927): App\Controllers\UserController->catatansaya()
 7 SYSTEMPATH\CodeIgniter.php(482): CodeIgniter\CodeIgniter->runController(Object(App\Controllers\UserController))
 8 SYSTEMPATH\CodeIgniter.php(351): CodeIgniter\CodeIgniter->handleRequest(null, Object(Config\Cache), false)
 9 FCPATH\index.php(67): CodeIgniter\CodeIgniter->run()
10 SYSTEMPATH\Commands\Server\rewrite.php(46): require_once('FCPATH\\index.php')
CRITICAL - 2022-12-23 14:46:18 --> Undefined variable $catatan
in APPPATH\Views\dashboard\Catatansaya.php on line 29.
 1 APPPATH\Views\dashboard\Catatansaya.php(29): CodeIgniter\Debug\Exceptions->errorHandler(2, 'Undefined variable $catatan', 'APPPATH\\Views\\dashboard\\Catatansaya.php', 29)
 2 SYSTEMPATH\View\View.php(213): include('APPPATH\\Views\\dashboard\\Catatansaya.php')
 3 SYSTEMPATH\View\View.php(216): CodeIgniter\View\View->CodeIgniter\View\{closure}()
 4 SYSTEMPATH\Common.php(1134): CodeIgniter\View\View->render('dashboard/Catatansaya', [], true)
 5 APPPATH\Controllers\UserController.php(40): view('dashboard/Catatansaya', [...])
 6 SYSTEMPATH\CodeIgniter.php(927): App\Controllers\UserController->catatansaya()
 7 SYSTEMPATH\CodeIgniter.php(482): CodeIgniter\CodeIgniter->runController(Object(App\Controllers\UserController))
 8 SYSTEMPATH\CodeIgniter.php(351): CodeIgniter\CodeIgniter->handleRequest(null, Object(Config\Cache), false)
 9 FCPATH\index.php(67): CodeIgniter\CodeIgniter->run()
10 SYSTEMPATH\Commands\Server\rewrite.php(46): require_once('FCPATH\\index.php')
CRITICAL - 2022-12-23 14:46:20 --> Undefined variable $catatan
in APPPATH\Views\dashboard\Catatansaya.php on line 29.
 1 APPPATH\Views\dashboard\Catatansaya.php(29): CodeIgniter\Debug\Exceptions->errorHandler(2, 'Undefined variable $catatan', 'APPPATH\\Views\\dashboard\\Catatansaya.php', 29)
 2 SYSTEMPATH\View\View.php(213): include('APPPATH\\Views\\dashboard\\Catatansaya.php')
 3 SYSTEMPATH\View\View.php(216): CodeIgniter\View\View->CodeIgniter\View\{closure}()
 4 SYSTEMPATH\Common.php(1134): CodeIgniter\View\View->render('dashboard/Catatansaya', [], true)
 5 APPPATH\Controllers\UserController.php(40): view('dashboard/Catatansaya', [...])
 6 SYSTEMPATH\CodeIgniter.php(927): App\Controllers\UserController->catatansaya()
 7 SYSTEMPATH\CodeIgniter.php(482): CodeIgniter\CodeIgniter->runController(Object(App\Controllers\UserController))
 8 SYSTEMPATH\CodeIgniter.php(351): CodeIgniter\CodeIgniter->handleRequest(null, Object(Config\Cache), false)
 9 FCPATH\index.php(67): CodeIgniter\CodeIgniter->run()
10 SYSTEMPATH\Commands\Server\rewrite.php(46): require_once('FCPATH\\index.php')
CRITICAL - 2022-12-23 14:49:04 --> Undefined variable $catatan
in APPPATH\Views\dashboard\Catatansaya.php on line 29.
 1 APPPATH\Views\dashboard\Catatansaya.php(29): CodeIgniter\Debug\Exceptions->errorHandler(2, 'Undefined variable $catatan', 'APPPATH\\Views\\dashboard\\Catatansaya.php', 29)
 2 SYSTEMPATH\View\View.php(213): include('APPPATH\\Views\\dashboard\\Catatansaya.php')
 3 SYSTEMPATH\View\View.php(216): CodeIgniter\View\View->CodeIgniter\View\{closure}()
 4 SYSTEMPATH\Common.php(1134): CodeIgniter\View\View->render('dashboard/Catatansaya', [], true)
 5 APPPATH\Controllers\UserController.php(40): view('dashboard/Catatansaya', [...])
 6 SYSTEMPATH\CodeIgniter.php(927): App\Controllers\UserController->catatansaya()
 7 SYSTEMPATH\CodeIgniter.php(482): CodeIgniter\CodeIgniter->runController(Object(App\Controllers\UserController))
 8 SYSTEMPATH\CodeIgniter.php(351): CodeIgniter\CodeIgniter->handleRequest(null, Object(Config\Cache), false)
 9 FCPATH\index.php(67): CodeIgniter\CodeIgniter->run()
10 SYSTEMPATH\Commands\Server\rewrite.php(46): require_once('FCPATH\\index.php')
CRITICAL - 2022-12-23 14:49:06 --> Undefined variable $catatan
in APPPATH\Views\dashboard\Catatansaya.php on line 29.
 1 APPPATH\Views\dashboard\Catatansaya.php(29): CodeIgniter\Debug\Exceptions->errorHandler(2, 'Undefined variable $catatan', 'APPPATH\\Views\\dashboard\\Catatansaya.php', 29)
 2 SYSTEMPATH\View\View.php(213): include('APPPATH\\Views\\dashboard\\Catatansaya.php')
 3 SYSTEMPATH\View\View.php(216): CodeIgniter\View\View->CodeIgniter\View\{closure}()
 4 SYSTEMPATH\Common.php(1134): CodeIgniter\View\View->render('dashboard/Catatansaya', [], true)
 5 APPPATH\Controllers\UserController.php(40): view('dashboard/Catatansaya', [...])
 6 SYSTEMPATH\CodeIgniter.php(927): App\Controllers\UserController->catatansaya()
 7 SYSTEMPATH\CodeIgniter.php(482): CodeIgniter\CodeIgniter->runController(Object(App\Controllers\UserController))
 8 SYSTEMPATH\CodeIgniter.php(351): CodeIgniter\CodeIgniter->handleRequest(null, Object(Config\Cache), false)
 9 FCPATH\index.php(67): CodeIgniter\CodeIgniter->run()
10 SYSTEMPATH\Commands\Server\rewrite.php(46): require_once('FCPATH\\index.php')
CRITICAL - 2022-12-23 14:50:27 --> Undefined variable $catatan
in APPPATH\Views\dashboard\Catatansaya.php on line 29.
 1 APPPATH\Views\dashboard\Catatansaya.php(29): CodeIgniter\Debug\Exceptions->errorHandler(2, 'Undefined variable $catatan', 'APPPATH\\Views\\dashboard\\Catatansaya.php', 29)
 2 SYSTEMPATH\View\View.php(213): include('APPPATH\\Views\\dashboard\\Catatansaya.php')
 3 SYSTEMPATH\View\View.php(216): CodeIgniter\View\View->CodeIgniter\View\{closure}()
 4 SYSTEMPATH\Common.php(1134): CodeIgniter\View\View->render('dashboard/Catatansaya', [], true)
 5 APPPATH\Controllers\UserController.php(32): view('dashboard/Catatansaya', [...])
 6 SYSTEMPATH\CodeIgniter.php(927): App\Controllers\UserController->catatansaya()
 7 SYSTEMPATH\CodeIgniter.php(482): CodeIgniter\CodeIgniter->runController(Object(App\Controllers\UserController))
 8 SYSTEMPATH\CodeIgniter.php(351): CodeIgniter\CodeIgniter->handleRequest(null, Object(Config\Cache), false)
 9 FCPATH\index.php(67): CodeIgniter\CodeIgniter->run()
10 SYSTEMPATH\Commands\Server\rewrite.php(46): require_once('FCPATH\\index.php')
CRITICAL - 2022-12-23 14:50:29 --> Undefined variable $catatan
in APPPATH\Views\dashboard\Catatansaya.php on line 29.
 1 APPPATH\Views\dashboard\Catatansaya.php(29): CodeIgniter\Debug\Exceptions->errorHandler(2, 'Undefined variable $catatan', 'APPPATH\\Views\\dashboard\\Catatansaya.php', 29)
 2 SYSTEMPATH\View\View.php(213): include('APPPATH\\Views\\dashboard\\Catatansaya.php')
 3 SYSTEMPATH\View\View.php(216): CodeIgniter\View\View->CodeIgniter\View\{closure}()
 4 SYSTEMPATH\Common.php(1134): CodeIgniter\View\View->render('dashboard/Catatansaya', [], true)
 5 APPPATH\Controllers\UserController.php(32): view('dashboard/Catatansaya', [...])
 6 SYSTEMPATH\CodeIgniter.php(927): App\Controllers\UserController->catatansaya()
 7 SYSTEMPATH\CodeIgniter.php(482): CodeIgniter\CodeIgniter->runController(Object(App\Controllers\UserController))
 8 SYSTEMPATH\CodeIgniter.php(351): CodeIgniter\CodeIgniter->handleRequest(null, Object(Config\Cache), false)
 9 FCPATH\index.php(67): CodeIgniter\CodeIgniter->run()
10 SYSTEMPATH\Commands\Server\rewrite.php(46): require_once('FCPATH\\index.php')
CRITICAL - 2022-12-23 14:52:25 --> Undefined variable $catatan
in APPPATH\Views\dashboard\Catatansaya.php on line 29.
 1 APPPATH\Views\dashboard\Catatansaya.php(29): CodeIgniter\Debug\Exceptions->errorHandler(2, 'Undefined variable $catatan', 'APPPATH\\Views\\dashboard\\Catatansaya.php', 29)
 2 SYSTEMPATH\View\View.php(213): include('APPPATH\\Views\\dashboard\\Catatansaya.php')
 3 SYSTEMPATH\View\View.php(216): CodeIgniter\View\View->CodeIgniter\View\{closure}()
 4 SYSTEMPATH\Common.php(1134): CodeIgniter\View\View->render('dashboard/Catatansaya', [], true)
 5 APPPATH\Controllers\UserController.php(32): view('dashboard/Catatansaya', [...])
 6 SYSTEMPATH\CodeIgniter.php(927): App\Controllers\UserController->catatansaya()
 7 SYSTEMPATH\CodeIgniter.php(482): CodeIgniter\CodeIgniter->runController(Object(App\Controllers\UserController))
 8 SYSTEMPATH\CodeIgniter.php(351): CodeIgniter\CodeIgniter->handleRequest(null, Object(Config\Cache), false)
 9 FCPATH\index.php(67): CodeIgniter\CodeIgniter->run()
10 SYSTEMPATH\Commands\Server\rewrite.php(46): require_once('FCPATH\\index.php')
CRITICAL - 2022-12-23 14:52:40 --> Undefined variable $catatan
in APPPATH\Views\dashboard\Catatansaya.php on line 29.
 1 APPPATH\Views\dashboard\Catatansaya.php(29): CodeIgniter\Debug\Exceptions->errorHandler(2, 'Undefined variable $catatan', 'APPPATH\\Views\\dashboard\\Catatansaya.php', 29)
 2 SYSTEMPATH\View\View.php(213): include('APPPATH\\Views\\dashboard\\Catatansaya.php')
 3 SYSTEMPATH\View\View.php(216): CodeIgniter\View\View->CodeIgniter\View\{closure}()
 4 SYSTEMPATH\Common.php(1134): CodeIgniter\View\View->render('dashboard/Catatansaya', [], true)
 5 APPPATH\Controllers\UserController.php(32): view('dashboard/Catatansaya', [...])
 6 SYSTEMPATH\CodeIgniter.php(927): App\Controllers\UserController->catatansaya()
 7 SYSTEMPATH\CodeIgniter.php(482): CodeIgniter\CodeIgniter->runController(Object(App\Controllers\UserController))
 8 SYSTEMPATH\CodeIgniter.php(351): CodeIgniter\CodeIgniter->handleRequest(null, Object(Config\Cache), false)
 9 FCPATH\index.php(67): CodeIgniter\CodeIgniter->run()
10 SYSTEMPATH\Commands\Server\rewrite.php(46): require_once('FCPATH\\index.php')
CRITICAL - 2022-12-23 14:52:42 --> Undefined variable $catatan
in APPPATH\Views\dashboard\Catatansaya.php on line 29.
 1 APPPATH\Views\dashboard\Catatansaya.php(29): CodeIgniter\Debug\Exceptions->errorHandler(2, 'Undefined variable $catatan', 'APPPATH\\Views\\dashboard\\Catatansaya.php', 29)
 2 SYSTEMPATH\View\View.php(213): include('APPPATH\\Views\\dashboard\\Catatansaya.php')
 3 SYSTEMPATH\View\View.php(216): CodeIgniter\View\View->CodeIgniter\View\{closure}()
 4 SYSTEMPATH\Common.php(1134): CodeIgniter\View\View->render('dashboard/Catatansaya', [], true)
 5 APPPATH\Controllers\UserController.php(32): view('dashboard/Catatansaya', [...])
 6 SYSTEMPATH\CodeIgniter.php(927): App\Controllers\UserController->catatansaya()
 7 SYSTEMPATH\CodeIgniter.php(482): CodeIgniter\CodeIgniter->runController(Object(App\Controllers\UserController))
 8 SYSTEMPATH\CodeIgniter.php(351): CodeIgniter\CodeIgniter->handleRequest(null, Object(Config\Cache), false)
 9 FCPATH\index.php(67): CodeIgniter\CodeIgniter->run()
10 SYSTEMPATH\Commands\Server\rewrite.php(46): require_once('FCPATH\\index.php')
CRITICAL - 2022-12-23 14:54:32 --> Undefined variable $catatan
in APPPATH\Views\dashboard\Catatansaya.php on line 29.
 1 APPPATH\Views\dashboard\Catatansaya.php(29): CodeIgniter\Debug\Exceptions->errorHandler(2, 'Undefined variable $catatan', 'APPPATH\\Views\\dashboard\\Catatansaya.php', 29)
 2 SYSTEMPATH\View\View.php(213): include('APPPATH\\Views\\dashboard\\Catatansaya.php')
 3 SYSTEMPATH\View\View.php(216): CodeIgniter\View\View->CodeIgniter\View\{closure}()
 4 SYSTEMPATH\Common.php(1134): CodeIgniter\View\View->render('dashboard/Catatansaya', [], true)
 5 APPPATH\Controllers\UserController.php(34): view('dashboard/Catatansaya', [...])
 6 SYSTEMPATH\CodeIgniter.php(927): App\Controllers\UserController->catatansaya()
 7 SYSTEMPATH\CodeIgniter.php(482): CodeIgniter\CodeIgniter->runController(Object(App\Controllers\UserController))
 8 SYSTEMPATH\CodeIgniter.php(351): CodeIgniter\CodeIgniter->handleRequest(null, Object(Config\Cache), false)
 9 FCPATH\index.php(67): CodeIgniter\CodeIgniter->run()
10 SYSTEMPATH\Commands\Server\rewrite.php(46): require_once('FCPATH\\index.php')
CRITICAL - 2022-12-23 14:54:34 --> Undefined variable $catatan
in APPPATH\Views\dashboard\Catatansaya.php on line 29.
 1 APPPATH\Views\dashboard\Catatansaya.php(29): CodeIgniter\Debug\Exceptions->errorHandler(2, 'Undefined variable $catatan', 'APPPATH\\Views\\dashboard\\Catatansaya.php', 29)
 2 SYSTEMPATH\View\View.php(213): include('APPPATH\\Views\\dashboard\\Catatansaya.php')
 3 SYSTEMPATH\View\View.php(216): CodeIgniter\View\View->CodeIgniter\View\{closure}()
 4 SYSTEMPATH\Common.php(1134): CodeIgniter\View\View->render('dashboard/Catatansaya', [], true)
 5 APPPATH\Controllers\UserController.php(34): view('dashboard/Catatansaya', [...])
 6 SYSTEMPATH\CodeIgniter.php(927): App\Controllers\UserController->catatansaya()
 7 SYSTEMPATH\CodeIgniter.php(482): CodeIgniter\CodeIgniter->runController(Object(App\Controllers\UserController))
 8 SYSTEMPATH\CodeIgniter.php(351): CodeIgniter\CodeIgniter->handleRequest(null, Object(Config\Cache), false)
 9 FCPATH\index.php(67): CodeIgniter\CodeIgniter->run()
10 SYSTEMPATH\Commands\Server\rewrite.php(46): require_once('FCPATH\\index.php')
CRITICAL - 2022-12-23 18:55:23 --> Undefined variable $catatan
in APPPATH\Views\dashboard\Catatansaya.php on line 29.
 1 APPPATH\Views\dashboard\Catatansaya.php(29): CodeIgniter\Debug\Exceptions->errorHandler(2, 'Undefined variable $catatan', 'APPPATH\\Views\\dashboard\\Catatansaya.php', 29)
 2 SYSTEMPATH\View\View.php(213): include('APPPATH\\Views\\dashboard\\Catatansaya.php')
 3 SYSTEMPATH\View\View.php(216): CodeIgniter\View\View->CodeIgniter\View\{closure}()
 4 SYSTEMPATH\Common.php(1134): CodeIgniter\View\View->render('dashboard/Catatansaya', [], true)
 5 APPPATH\Controllers\UserController.php(34): view('dashboard/Catatansaya', [...])
 6 SYSTEMPATH\CodeIgniter.php(927): App\Controllers\UserController->catatansaya()
 7 SYSTEMPATH\CodeIgniter.php(482): CodeIgniter\CodeIgniter->runController(Object(App\Controllers\UserController))
 8 SYSTEMPATH\CodeIgniter.php(351): CodeIgniter\CodeIgniter->handleRequest(null, Object(Config\Cache), false)
 9 FCPATH\index.php(67): CodeIgniter\CodeIgniter->run()
10 SYSTEMPATH\Commands\Server\rewrite.php(46): require_once('FCPATH\\index.php')
CRITICAL - 2022-12-23 18:55:44 --> syntax error, unexpected token "endforeach", expecting end of file
in APPPATH\Views\dashboard\Catatansaya.php on line 61.
 1 SYSTEMPATH\View\View.php(216): CodeIgniter\View\View->CodeIgniter\View\{closure}()
 2 SYSTEMPATH\Common.php(1134): CodeIgniter\View\View->render('dashboard/Catatansaya', [], true)
 3 APPPATH\Controllers\UserController.php(34): view('dashboard/Catatansaya', [...])
 4 SYSTEMPATH\CodeIgniter.php(927): App\Controllers\UserController->catatansaya()
 5 SYSTEMPATH\CodeIgniter.php(482): CodeIgniter\CodeIgniter->runController(Object(App\Controllers\UserController))
 6 SYSTEMPATH\CodeIgniter.php(351): CodeIgniter\CodeIgniter->handleRequest(null, Object(Config\Cache), false)
 7 FCPATH\index.php(67): CodeIgniter\CodeIgniter->run()
 8 SYSTEMPATH\Commands\Server\rewrite.php(46): require_once('FCPATH\\index.php')
CRITICAL - 2022-12-23 18:56:13 --> Undefined variable $key
in APPPATH\Views\dashboard\Catatansaya.php on line 32.
 1 APPPATH\Views\dashboard\Catatansaya.php(32): CodeIgniter\Debug\Exceptions->errorHandler(2, 'Undefined variable $key', 'APPPATH\\Views\\dashboard\\Catatansaya.php', 32)
 2 SYSTEMPATH\View\View.php(213): include('APPPATH\\Views\\dashboard\\Catatansaya.php')
 3 SYSTEMPATH\View\View.php(216): CodeIgniter\View\View->CodeIgniter\View\{closure}()
 4 SYSTEMPATH\Common.php(1134): CodeIgniter\View\View->render('dashboard/Catatansaya', [], true)
 5 APPPATH\Controllers\UserController.php(34): view('dashboard/Catatansaya', [...])
 6 SYSTEMPATH\CodeIgniter.php(927): App\Controllers\UserController->catatansaya()
 7 SYSTEMPATH\CodeIgniter.php(482): CodeIgniter\CodeIgniter->runController(Object(App\Controllers\UserController))
 8 SYSTEMPATH\CodeIgniter.php(351): CodeIgniter\CodeIgniter->handleRequest(null, Object(Config\Cache), false)
 9 FCPATH\index.php(67): CodeIgniter\CodeIgniter->run()
10 SYSTEMPATH\Commands\Server\rewrite.php(46): require_once('FCPATH\\index.php')
